2019-10-31 15:42:57 INFO  RestApi:39 - ####### VERIFYING GET REQUEST ONE ######
2019-10-31 15:43:00 INFO  RestApi:47 - ####### VERIFYING GET REQUEST TWO ######
2019-10-31 15:45:02 INFO  RestApi:39 - ####### VERIFYING GET REQUEST ONE ######
2019-10-31 15:45:05 INFO  RestApi:47 - ####### VERIFYING GET REQUEST TWO ######
2019-10-31 15:46:42 INFO  RestApi:39 - ####### VERIFYING GET REQUEST ONE ######
2019-10-31 15:46:45 INFO  RestApi:47 - ####### VERIFYING GET REQUEST TWO ######
2019-10-31 15:55:36 INFO  RestApi:26 - ####### START THE VERIFYING GET REQUEST  ######
2019-10-31 15:55:36 INFO  RestApi:42 - ####### VERIFYING GET REQUEST ONE ######
2019-10-31 15:55:37 INFO  RestApi:52 - ####### VERIFYING GET REQUEST TWO ######
2019-10-31 15:58:18 INFO  RestApi:26 - ####### START THE VERIFYING GET REQUEST  ######
2019-10-31 15:58:18 INFO  RestApi:42 - ####### VERIFYING GET REQUEST ONE ######
2019-10-31 15:58:19 INFO  RestApi:52 - ####### VERIFYING GET REQUEST TWO ######
2019-10-31 15:58:44 INFO  RestApi:26 - ####### START THE VERIFYING GET REQUEST  ######
2019-10-31 15:58:45 INFO  RestApi:42 - ####### VERIFYING GET REQUEST ONE ######
2019-10-31 15:58:45 INFO  RestApi:52 - ####### VERIFYING GET REQUEST TWO ######
2019-10-31 15:59:09 INFO  RestApi:26 - ####### START THE VERIFYING GET REQUEST  ######
2019-10-31 15:59:09 INFO  RestApi:42 - ####### VERIFYING GET REQUEST ONE ######
2019-10-31 16:00:51 INFO  RestApi:26 - ####### START THE VERIFYING GET REQUEST  ######
2019-10-31 16:00:51 INFO  RestApi:42 - ####### VERIFYING GET REQUEST ONE ######
2019-10-31 16:00:52 INFO  RestApi:52 - ####### VERIFYING GET REQUEST TWO ######
2019-10-31 16:04:12 INFO  RestApi:26 - ####### START THE VERIFYING GET REQUEST  ######
2019-10-31 16:04:12 INFO  RestApi:42 - ####### VERIFYING GET REQUEST ONE ######
2019-10-31 16:04:13 INFO  RestApi:52 - ####### VERIFYING GET REQUEST TWO ######
2019-10-31 16:07:32 INFO  RestApi:26 - ####### START THE VERIFYING GET REQUEST  ######
2019-10-31 16:07:32 INFO  RestApi:42 - ####### VERIFYING GET REQUEST ONE ######
2019-10-31 16:07:33 INFO  RestApi:52 - ####### VERIFYING GET REQUEST TWO ######
2019-10-31 16:08:01 INFO  RestApi:26 - ####### START THE VERIFYING GET REQUEST  ######
2019-10-31 16:08:01 INFO  RestApi:42 - ####### VERIFYING GET REQUEST ONE ######
2019-10-31 16:08:02 INFO  RestApi:52 - ####### VERIFYING GET REQUEST TWO ######
2019-10-31 16:09:58 INFO  RestApi:26 - ####### START THE VERIFYING GET REQUEST  ######
2019-10-31 16:09:58 INFO  RestApi:52 - ####### VERIFYING GET REQUEST TWO ######
2019-10-31 16:24:34 INFO  RestApi:26 - ####### START THE VERIFYING GET REQUEST  ######
2019-10-31 16:24:35 INFO  RestApi:52 - ####### VERIFYING GET REQUEST TWO ######
2019-10-31 16:26:58 INFO  RestApi:26 - ####### START THE VERIFYING GET REQUEST  ######
2019-10-31 16:26:58 INFO  RestApi:52 - ####### VERIFYING GET REQUEST TWO ######
2019-10-31 16:27:53 INFO  RestApi:26 - ####### START THE VERIFYING GET REQUEST  ######
2019-10-31 16:27:53 INFO  RestApi:42 - ####### VERIFYING GET REQUEST ONE ######
2019-10-31 16:27:55 INFO  RestApi:52 - ####### VERIFYING GET REQUEST TWO ######
2019-10-31 16:28:28 INFO  RestApi:26 - ####### START THE VERIFYING GET REQUEST  ######
2019-10-31 16:28:28 INFO  RestApi:42 - ####### VERIFYING GET REQUEST ONE ######
2019-10-31 16:28:51 INFO  RestApi:26 - ####### START THE VERIFYING GET REQUEST  ######
2019-10-31 16:28:51 INFO  RestApi:42 - ####### VERIFYING GET REQUEST ONE ######
2019-10-31 16:32:23 INFO  RestApi:26 - ####### START THE VERIFYING GET REQUEST  ######
2019-10-31 16:32:23 INFO  RestApi:42 - ####### VERIFYING GET REQUEST ONE ######
2019-10-31 17:08:25 INFO  RestApi:26 - ####### START THE VERIFYING GET REQUEST  ######
2019-10-31 17:08:25 INFO  RestApi:41 - ####### VERIFYING GET REQUEST ONE ######
2019-10-31 17:08:53 INFO  RestApi:41 - ####### VERIFYING GET REQUEST ONE ######
2019-10-31 17:37:30 INFO  RestApi:32 - ####### START THE VERIFYING GET REQUEST  ######
2019-10-31 17:38:35 INFO  RestApi:32 - ####### START THE VERIFYING GET REQUEST  ######
2019-10-31 17:41:22 INFO  RestApi:32 - ####### START THE VERIFYING GET REQUEST  ######
2019-10-31 17:41:35 INFO  RestApi:32 - ####### START THE VERIFYING GET REQUEST  ######
2019-10-31 17:43:18 INFO  RestApi:32 - ####### START THE VERIFYING GET REQUEST  ######
2019-10-31 17:44:30 INFO  RestApi:32 - ####### START THE VERIFYING GET REQUEST  ######
2019-10-31 17:48:43 INFO  RestApi:32 - ####### START THE VERIFYING GET REQUEST  ######
2019-10-31 17:49:55 INFO  RestApi:35 - ####### START THE VERIFYING GET REQUEST  ######
2019-10-31 17:57:15 INFO  RestApi:35 - ####### START THE VERIFYING GET REQUEST  ######
2019-10-31 17:57:40 INFO  RestApi:35 - ####### START THE VERIFYING GET REQUEST  ######
2019-10-31 17:58:10 INFO  RestApi:35 - ####### START THE VERIFYING GET REQUEST  ######
2019-10-31 17:59:02 INFO  RestApi:35 - ####### START THE VERIFYING GET REQUEST  ######
2019-10-31 18:03:11 INFO  RestApi:35 - ####### START THE VERIFYING GET REQUEST  ######
2019-10-31 18:12:40 INFO  RestApi:36 - ####### START THE VERIFYING GET REQUEST  ######
2019-10-31 18:17:44 INFO  RestApi:36 - ####### START THE VERIFYING GET REQUEST  ######
2019-10-31 18:20:44 INFO  RestApi:36 - ####### START THE VERIFYING GET REQUEST  ######
2019-10-31 18:20:58 INFO  RestApi:36 - ####### START THE VERIFYING GET REQUEST  ######
2019-10-31 18:23:45 INFO  RestApi:19 - ####### START THE VERIFYING PUT REQUEST  ######
2019-10-31 18:35:14 INFO  RestApi:36 - ####### START THE VERIFYING GET REQUEST  ######
2019-10-31 18:35:14 INFO  RestApi:24 - ####### START THE VERIFYING POST REQUEST  ######
2019-10-31 18:35:14 INFO  RestApi:19 - ####### START THE VERIFYING PUT REQUEST  ######
2019-10-31 18:35:14 INFO  RestApi:19 - ####### START THE VERIFYING PATCH REQUEST  ######
2019-11-01 10:56:18 INFO  RestApi:22 - ####### START THE VERIFYING PATCH REQUEST  ######
2019-11-01 10:57:17 INFO  RestApi:22 - ####### START THE VERIFYING PATCH REQUEST  ######
2019-11-01 10:58:24 INFO  RestApi:22 - ####### START THE VERIFYING PATCH REQUEST  ######
2019-11-01 10:58:56 INFO  RestApi:22 - ####### START THE VERIFYING PATCH REQUEST  ######
2019-11-01 10:59:10 INFO  RestApi:22 - ####### START THE VERIFYING PATCH REQUEST  ######
2019-11-01 10:59:34 INFO  RestApi:22 - ####### START THE VERIFYING PATCH REQUEST  ######
2019-11-01 11:03:53 INFO  RestApi:22 - ####### START THE VERIFYING PATCH REQUEST  ######
2019-11-01 11:07:07 INFO  RestApi:22 - ####### START THE VERIFYING PATCH REQUEST  ######
2019-11-01 11:07:52 INFO  RestApi:22 - ####### START THE VERIFYING PATCH REQUEST  ######
2019-11-01 11:09:03 INFO  RestApi:36 - ####### START THE VERIFYING GET REQUEST  ######
2019-11-01 11:09:03 INFO  RestApi:24 - ####### START THE VERIFYING POST REQUEST  ######
2019-11-01 11:09:03 INFO  RestApi:19 - ####### START THE VERIFYING PUT REQUEST  ######
2019-11-01 11:09:03 INFO  RestApi:22 - ####### START THE VERIFYING PATCH REQUEST  ######
2019-11-01 11:11:37 INFO  RestApi:36 - ####### START THE VERIFYING GET REQUEST  ######
2019-11-01 11:11:37 INFO  RestApi:24 - ####### START THE VERIFYING POST REQUEST  ######
2019-11-01 11:11:37 INFO  RestApi:19 - ####### START THE VERIFYING PUT REQUEST  ######
2019-11-01 11:11:37 INFO  RestApi:22 - ####### START THE VERIFYING PATCH REQUEST  ######
2019-11-01 11:21:25 INFO  RestApi:41 - ####### START THE VERIFYING GET REQUEST  ######
2019-11-01 11:24:24 INFO  RestApi:41 - ####### START THE VERIFYING GET REQUEST  ######
2019-11-01 11:25:34 INFO  RestApi:40 - ####### START THE VERIFYING GET REQUEST  ######
2019-11-01 11:26:26 INFO  RestApi:39 - ####### START THE VERIFYING GET REQUEST  ######
2019-11-01 11:30:29 INFO  RestApi:39 - ####### START THE VERIFYING GET REQUEST  ######
2019-11-01 11:31:39 INFO  RestApi:39 - ####### START THE VERIFYING GET REQUEST  ######
2019-11-01 11:32:29 INFO  RestApi:39 - ####### START THE VERIFYING GET REQUEST  ######
2019-11-01 11:35:07 INFO  RestApi:39 - ####### START TO VERIFYING GET REQUEST  ######
2019-11-01 11:52:58 INFO  RestApi:38 - ####### START TO VERIFYING GET REQUEST  ######
2019-11-01 12:00:35 INFO  RestApi:38 - ####### START TO VERIFYING GET REQUEST  ######
2019-11-01 12:01:08 INFO  RestApi:38 - ####### START TO VERIFYING GET REQUEST  ######
2019-11-01 12:02:43 INFO  RestApi:39 - ####### START TO VERIFYING GET REQUEST  ######
2019-11-01 12:03:32 INFO  RestApi:39 - ####### START TO VERIFYING GET REQUEST  ######
2019-11-01 12:05:24 INFO  RestApi:39 - ####### START TO VERIFYING GET REQUEST  ######
2019-11-01 12:07:53 INFO  RestApi:39 - ####### START TO VERIFYING GET REQUEST  ######
2019-11-01 12:07:55 INFO  RestApi:24 - ####### START THE VERIFYING POST REQUEST  ######
2019-11-01 12:07:55 INFO  RestApi:19 - ####### START THE VERIFYING PUT REQUEST  ######
2019-11-01 12:07:55 INFO  RestApi:22 - ####### START THE VERIFYING PATCH REQUEST  ######
2019-11-01 12:08:19 INFO  RestApi:24 - ####### START THE VERIFYING POST REQUEST  ######
2019-11-01 12:08:30 INFO  RestApi:22 - ####### START THE VERIFYING PATCH REQUEST  ######
2019-11-01 12:08:50 INFO  RestApi:19 - ####### START THE VERIFYING PUT REQUEST  ######
2019-11-01 12:09:12 INFO  RestApi:19 - ####### START THE VERIFYING PUT REQUEST  ######
2019-11-01 12:09:42 INFO  RestApi:19 - ####### START THE VERIFYING PUT REQUEST  ######
2019-11-01 12:10:39 INFO  RestApi:19 - ####### START THE VERIFYING PUT REQUEST  ######
2019-11-01 12:11:39 INFO  RestApi:19 - ####### START THE VERIFYING PUT REQUEST  ######
2019-11-01 12:12:45 INFO  RestApi:19 - ####### START THE VERIFYING PUT REQUEST  ######
2019-11-01 12:13:07 INFO  RestApi:19 - ####### START THE VERIFYING PUT REQUEST  ######
2019-11-01 12:19:51 INFO  RestApi:39 - ####### START TO VERIFYING GET REQUEST1  ######
2019-11-01 12:19:53 INFO  RestApi:55 - ####### START TO VERIFYING GET REQUEST2  ######
2019-11-01 12:24:16 INFO  RestApi:27 - ####### START THE VERIFYING POST REQUEST  ######
2019-11-01 12:26:54 INFO  RestApi:27 - ########## START THE VERIFYING POST REQUEST 1  ###########
2019-11-01 12:26:56 INFO  RestApi:45 - ########## START THE VERIFYING POST REQUEST 2 ###########
2019-11-01 12:27:23 INFO  RestApi:27 - ########## START THE VERIFYING POST REQUEST 1  ###########
2019-11-01 12:27:25 INFO  RestApi:45 - ########## START THE VERIFYING POST REQUEST 2 ###########
2019-11-01 12:29:54 INFO  RestApi:27 - ########## START TO VERIFYING POST REQUEST 1  ###########
2019-11-01 12:29:57 INFO  RestApi:46 - ########## START TO VERIFYING POST REQUEST 2 ###########
2019-11-01 12:31:58 INFO  RestApi:27 - ########## START TO VERIFYING POST REQUEST 1  ###########
2019-11-01 12:32:01 INFO  RestApi:45 - ########## START TO VERIFYING POST REQUEST 2 ###########
2019-11-01 12:32:40 INFO  RestApi:27 - ########## START TO VERIFYING POST REQUEST 1  ###########
2019-11-01 12:32:42 INFO  RestApi:45 - ########## START TO VERIFYING POST REQUEST 2 ###########
2019-11-01 12:35:17 INFO  RestApi:21 - ####### START THE VERIFYING PUT REQUEST  ######
2019-11-01 12:37:48 INFO  RestApi:21 - ####### START THE VERIFYING PUT REQUEST  ######
2019-11-01 12:37:52 INFO  RestApi:48 - ####### START THE VERIFYING PUT REQUEST  ######
2019-11-01 12:40:52 INFO  RestApi:24 - ####### START THE VERIFYING PATCH REQUEST  ######
2019-11-01 12:40:55 INFO  RestApi:57 - ####### START THE VERIFYING PATCH REQUEST  ######
2019-11-01 12:51:04 INFO  RestApi:39 - ####### START TO VERIFYING GET REQUEST1  ######
2019-11-01 12:51:04 INFO  RestApi:47 - *****Verifying GET Request*****
2019-11-01 12:51:06 INFO  RestApi:57 - ####### START TO VERIFYING GET REQUEST2  ######
2019-11-01 12:56:41 INFO  RestApi:31 - *****Started testcase OF List*****
2019-11-01 12:56:41 INFO  RestApi:42 - ####### START TO VERIFYING GET REQUEST1  ######
2019-11-01 12:56:41 INFO  RestApi:50 - *****Verifying GET Request*****
2019-11-01 12:56:43 INFO  RestApi:55 - Status Code==> 200
2019-11-01 12:56:43 INFO  RestApi:64 - ####### START TO VERIFYING GET REQUEST2  ######
2019-11-01 12:56:44 INFO  RestApi:70 - Status Code==> 200
2019-11-01 13:00:33 INFO  RestApi:21 - *****Started testcase OF PUT*****
2019-11-01 13:00:33 INFO  RestApi:30 - ####### START THE VERIFYING PUT REQUEST  ######
2019-11-01 13:00:37 INFO  RestApi:51 - Status Code==>>>> 200
2019-11-01 13:00:37 INFO  RestApi:61 - ####### START THE VERIFYING PUT REQUEST  ######
2019-11-01 13:00:39 INFO  RestApi:82 - Status Code==>>>> 200
2019-11-01 13:02:31 INFO  RestApi:21 - *****Started testcase OF PUT*****
2019-11-01 13:02:31 INFO  RestApi:30 - ####### START THE VERIFYING PUT REQUEST  ######
2019-11-01 13:02:31 INFO  RestApi:32 - *****Verifying PUT REQUEST 1*****
2019-11-01 13:02:35 INFO  RestApi:51 - Status Code==>>>> 200
2019-11-01 13:02:35 INFO  RestApi:61 - ####### START THE VERIFYING PUT REQUEST  ######
2019-11-01 13:02:35 INFO  RestApi:63 - *****Verifying PUT REQUEST 2*****
2019-11-01 13:02:37 INFO  RestApi:82 - Status Code==>>>> 200
2019-11-01 13:04:51 INFO  RestApi:25 - *****Started testcase OF PUT*****
2019-11-01 13:04:52 INFO  RestApi:34 - ########## START TO VERIFYING POST REQUEST 1  ###########
2019-11-01 13:04:52 INFO  RestApi:36 - *****Verifying POST REQUEST 1*****
2019-11-01 13:04:54 INFO  RestApi:48 - Status Code==>>>> 201
2019-11-01 13:04:54 INFO  RestApi:56 - ########## START TO VERIFYING POST REQUEST 2 ###########
2019-11-01 13:04:54 INFO  RestApi:58 - *****Verifying POST REQUEST 2*****
2019-11-01 13:04:55 INFO  RestApi:70 - Status Code==>>>> 201
2019-11-01 13:06:29 INFO  RestApi:25 - *****Started testcase OF PUT*****
2019-11-01 13:06:29 INFO  RestApi:34 - ########## START TO VERIFYING POST REQUEST 1  ###########
2019-11-01 13:06:29 INFO  RestApi:36 - *****Verifying POST REQUEST 1*****
2019-11-01 13:06:32 INFO  RestApi:48 - Status Code==>>>> 201
2019-11-01 13:06:32 INFO  RestApi:56 - ########## START TO VERIFYING POST REQUEST 2 ###########
2019-11-01 13:06:32 INFO  RestApi:58 - *****Verifying POST REQUEST 1*****
2019-11-01 13:06:33 INFO  RestApi:70 - Status Code==>>>> 201
2019-11-01 13:07:02 INFO  RestApi:25 - *****Started testcase OF PUT*****
2019-11-01 13:07:02 INFO  RestApi:34 - ########## START TO VERIFYING POST REQUEST 1  ###########
2019-11-01 13:07:02 INFO  RestApi:36 - *****Verifying POST REQUEST 1*****
2019-11-01 13:07:05 INFO  RestApi:48 - Status Code==>>>> 201
2019-11-01 13:07:05 INFO  RestApi:56 - ########## START TO VERIFYING POST REQUEST 2 ###########
2019-11-01 13:07:05 INFO  RestApi:58 - *****Verifying POST REQUEST 1*****
2019-11-01 13:07:06 INFO  RestApi:70 - Status Code==>>>> 201
2019-11-01 13:09:49 INFO  RestApi:24 - *****Started testcase OF PUT*****
2019-11-01 13:09:49 INFO  RestApi:32 - ####### START THE VERIFYING PATCH REQUEST  ######
2019-11-01 13:09:49 INFO  RestApi:37 - *****Verifying PUT REQUEST 1*****
2019-11-01 13:09:53 INFO  RestApi:58 - Status Code==>>>> 200
2019-11-01 13:09:53 INFO  RestApi:69 - ####### START THE VERIFYING PATCH REQUEST  ######
2019-11-01 13:09:55 INFO  RestApi:95 - Status Code==>>>> 200
2019-11-01 13:10:33 INFO  RestApi:24 - *****Started testcase OF PUT*****
2019-11-01 13:10:33 INFO  RestApi:32 - ####### START THE VERIFYING PATCH REQUEST  ######
2019-11-01 13:10:33 INFO  RestApi:37 - *****Verifying PATCH REQUEST 1*****
2019-11-01 13:10:37 INFO  RestApi:58 - Status Code==>>>> 200
2019-11-01 13:10:37 INFO  RestApi:69 - ####### START THE VERIFYING PATCH REQUEST  ######
2019-11-01 13:10:37 INFO  RestApi:74 - *****Verifying PATCH REQUEST 1*****
2019-11-01 13:10:39 INFO  RestApi:95 - Status Code==>>>> 200
2019-11-01 13:11:44 INFO  RestApi:31 - *****Started testcase OF List*****
2019-11-01 13:11:44 INFO  RestApi:42 - ####### START TO VERIFYING GET REQUEST1  ######
2019-11-01 13:11:44 INFO  RestApi:50 - *****Verifying GET Request*****
2019-11-01 13:11:47 INFO  RestApi:55 - Status Code==>>>> 200
2019-11-01 13:11:47 INFO  RestApi:64 - ####### START TO VERIFYING GET REQUEST2  ######
2019-11-01 13:11:48 INFO  RestApi:70 - Status Code==>>>> 200
2019-11-01 13:11:48 INFO  RestApi:25 - *****Started testcase OF PUT*****
2019-11-01 13:11:48 INFO  RestApi:34 - ########## START TO VERIFYING POST REQUEST 1  ###########
2019-11-01 13:11:48 INFO  RestApi:36 - *****Verifying POST REQUEST 1*****
2019-11-01 13:11:49 INFO  RestApi:48 - Status Code==>>>> 201
2019-11-01 13:11:49 INFO  RestApi:56 - ########## START TO VERIFYING POST REQUEST 2 ###########
2019-11-01 13:11:49 INFO  RestApi:58 - *****Verifying POST REQUEST 1*****
2019-11-01 13:11:50 INFO  RestApi:70 - Status Code==>>>> 201
2019-11-01 13:11:50 INFO  RestApi:21 - *****Started testcase OF PUT*****
2019-11-01 13:11:50 INFO  RestApi:30 - ####### START THE VERIFYING PUT REQUEST  ######
2019-11-01 13:11:50 INFO  RestApi:32 - *****Verifying PUT REQUEST 1*****
2019-11-01 13:11:53 INFO  RestApi:51 - Status Code==>>>> 200
2019-11-01 13:11:53 INFO  RestApi:61 - ####### START THE VERIFYING PUT REQUEST  ######
2019-11-01 13:11:53 INFO  RestApi:63 - *****Verifying PUT REQUEST 2*****
2019-11-01 13:11:55 INFO  RestApi:82 - Status Code==>>>> 200
2019-11-01 13:11:55 INFO  RestApi:24 - *****Started testcase OF PUT*****
2019-11-01 13:11:55 INFO  RestApi:32 - ####### START THE VERIFYING PATCH REQUEST  ######
2019-11-01 13:11:55 INFO  RestApi:37 - *****Verifying PATCH REQUEST 1*****
2019-11-01 13:11:57 INFO  RestApi:58 - Status Code==>>>> 200
2019-11-01 13:11:57 INFO  RestApi:69 - ####### START THE VERIFYING PATCH REQUEST  ######
2019-11-01 13:11:57 INFO  RestApi:74 - *****Verifying PATCH REQUEST 1*****
2019-11-01 13:12:00 INFO  RestApi:95 - Status Code==>>>> 200
2019-11-01 13:13:02 INFO  RestApi:31 - *****Started testcase OF List*****
2019-11-01 13:13:02 INFO  RestApi:42 - ####### START TO VERIFYING GET REQUEST1  ######
2019-11-01 13:13:02 INFO  RestApi:50 - *****Verifying GET Request*****
2019-11-01 13:13:05 INFO  RestApi:55 - Status Code==>>>> 200
2019-11-01 13:13:05 INFO  RestApi:64 - ####### START TO VERIFYING GET REQUEST2  ######
2019-11-01 13:13:06 INFO  RestApi:70 - Status Code==>>>> 200
2019-11-01 13:13:06 INFO  RestApi:25 - *****Started testcase OF PUT*****
2019-11-01 13:13:06 INFO  RestApi:34 - ########## START TO VERIFYING POST REQUEST 1  ###########
2019-11-01 13:13:06 INFO  RestApi:36 - *****Verifying POST REQUEST 1*****
2019-11-01 13:13:07 INFO  RestApi:48 - Status Code==>>>> 201
2019-11-01 13:13:07 INFO  RestApi:56 - ########## START TO VERIFYING POST REQUEST 2 ###########
2019-11-01 13:13:07 INFO  RestApi:58 - *****Verifying POST REQUEST 1*****
2019-11-01 13:13:08 INFO  RestApi:70 - Status Code==>>>> 201
2019-11-01 13:13:08 INFO  RestApi:21 - *****Started testcase OF PUT*****
2019-11-01 13:13:08 INFO  RestApi:30 - ####### START THE VERIFYING PUT REQUEST  ######
2019-11-01 13:13:08 INFO  RestApi:32 - *****Verifying PUT REQUEST 1*****
2019-11-01 13:13:10 INFO  RestApi:51 - Status Code==>>>> 200
2019-11-01 13:13:10 INFO  RestApi:61 - ####### START THE VERIFYING PUT REQUEST  ######
2019-11-01 13:13:10 INFO  RestApi:63 - *****Verifying PUT REQUEST 2*****
2019-11-01 13:13:13 INFO  RestApi:82 - Status Code==>>>> 200
2019-11-01 13:13:13 INFO  RestApi:24 - *****Started testcase OF PUT*****
2019-11-01 13:13:13 INFO  RestApi:32 - ####### START THE VERIFYING PATCH REQUEST  ######
2019-11-01 13:13:13 INFO  RestApi:37 - *****Verifying PATCH REQUEST 1*****
2019-11-01 13:13:15 INFO  RestApi:58 - Status Code==>>>> 200
2019-11-01 13:13:15 INFO  RestApi:69 - ####### START THE VERIFYING PATCH REQUEST  ######
2019-11-01 13:13:15 INFO  RestApi:74 - *****Verifying PATCH REQUEST 1*****
2019-11-01 13:13:17 INFO  RestApi:95 - Status Code==>>>> 200
2019-11-01 13:14:35 INFO  RestApi:31 - *****Started testcase OF List*****
2019-11-01 13:14:36 INFO  RestApi:42 - ####### START TO VERIFYING GET REQUEST1  ######
2019-11-01 13:14:36 INFO  RestApi:50 - *****Verifying GET Request*****
2019-11-01 13:14:38 INFO  RestApi:55 - Status Code==>>>> 200
2019-11-01 13:14:38 INFO  RestApi:64 - ####### START TO VERIFYING GET REQUEST2  ######
2019-11-01 13:14:39 INFO  RestApi:70 - Status Code==>>>> 200
2019-11-01 13:14:57 INFO  RestApi:25 - *****Started testcase OF PUT*****
2019-11-01 13:14:57 INFO  RestApi:34 - ########## START TO VERIFYING POST REQUEST 1  ###########
2019-11-01 13:14:57 INFO  RestApi:36 - *****Verifying POST REQUEST 1*****
2019-11-01 13:15:00 INFO  RestApi:48 - Status Code==>>>> 201
2019-11-01 13:15:00 INFO  RestApi:56 - ########## START TO VERIFYING POST REQUEST 2 ###########
2019-11-01 13:15:00 INFO  RestApi:58 - *****Verifying POST REQUEST 1*****
2019-11-01 13:15:01 INFO  RestApi:70 - Status Code==>>>> 201
2019-11-01 13:15:17 INFO  RestApi:21 - *****Started testcase OF PUT*****
2019-11-01 13:15:17 INFO  RestApi:30 - ####### START THE VERIFYING PUT REQUEST  ######
2019-11-01 13:15:17 INFO  RestApi:32 - *****Verifying PUT REQUEST 1*****
2019-11-01 13:15:21 INFO  RestApi:51 - Status Code==>>>> 200
2019-11-01 13:15:21 INFO  RestApi:61 - ####### START THE VERIFYING PUT REQUEST  ######
2019-11-01 13:15:21 INFO  RestApi:63 - *****Verifying PUT REQUEST 2*****
2019-11-01 13:15:23 INFO  RestApi:82 - Status Code==>>>> 200
2019-11-01 13:15:40 INFO  RestApi:24 - *****Started testcase OF PUT*****
2019-11-01 13:15:41 INFO  RestApi:32 - ####### START THE VERIFYING PATCH REQUEST  ######
2019-11-01 13:15:41 INFO  RestApi:37 - *****Verifying PATCH REQUEST 1*****
2019-11-01 13:15:45 INFO  RestApi:58 - Status Code==>>>> 200
2019-11-01 13:15:45 INFO  RestApi:69 - ####### START THE VERIFYING PATCH REQUEST  ######
2019-11-01 13:15:45 INFO  RestApi:74 - *****Verifying PATCH REQUEST 1*****
2019-11-01 13:15:47 INFO  RestApi:95 - Status Code==>>>> 200
2019-11-01 13:22:51 INFO  RestApi:25 - *****Started testcase OF PUT*****
2019-11-01 13:22:52 INFO  RestApi:35 - ########## START TO VERIFYING POST REQUEST 1  ###########
2019-11-01 13:22:52 INFO  RestApi:37 - *****Verifying POST REQUEST 1*****
2019-11-01 13:22:55 INFO  RestApi:50 - Status Code==>>>> 201
2019-11-01 13:22:55 INFO  RestApi:59 - ########## START TO VERIFYING POST REQUEST 2 ###########
2019-11-01 13:22:55 INFO  RestApi:61 - *****Verifying POST REQUEST 1*****
2019-11-01 13:22:56 INFO  RestApi:75 - Status Code==>>>> 201
2019-11-01 13:24:44 INFO  RestApi:25 - *****Started testcase OF PUT*****
2019-11-01 13:24:44 INFO  RestApi:35 - ########## START TO VERIFYING POST REQUEST 1  ###########
2019-11-01 13:24:44 INFO  RestApi:37 - *****Verifying POST REQUEST 1*****
2019-11-01 13:24:47 INFO  RestApi:50 - Status Code==>>>> 201
2019-11-01 13:24:47 INFO  RestApi:59 - ########## START TO VERIFYING POST REQUEST 2 ###########
2019-11-01 13:24:47 INFO  RestApi:61 - *****Verifying POST REQUEST 2*****
2019-11-01 13:24:48 INFO  RestApi:75 - Status Code==>>>> 201
2019-11-01 13:26:53 INFO  RestApi:31 - *****Started testcase OF List*****
2019-11-01 13:26:54 INFO  RestApi:44 - ####### START TO VERIFYING GET REQUEST1  ######
2019-11-01 13:26:54 INFO  RestApi:52 - *****Verifying GET Request*****
2019-11-01 13:26:57 INFO  RestApi:57 - Status Code==>>>> 200
2019-11-01 13:26:57 INFO  RestApi:69 - ####### START TO VERIFYING GET REQUEST2  ######
2019-11-01 13:26:59 INFO  RestApi:75 - Status Code==>>>> 200
2019-11-01 13:28:02 INFO  RestApi:21 - *****Started testcase OF PUT*****
2019-11-01 13:28:03 INFO  RestApi:33 - ####### START THE VERIFYING PUT REQUEST  ######
2019-11-01 13:28:03 INFO  RestApi:35 - *****Verifying PUT REQUEST 1*****
2019-11-01 13:28:07 INFO  RestApi:54 - Status Code==>>>> 200
2019-11-01 13:28:07 INFO  RestApi:67 - ####### START THE VERIFYING PUT REQUEST  ######
2019-11-01 13:28:07 INFO  RestApi:69 - *****Verifying PUT REQUEST 2*****
2019-11-01 13:28:10 INFO  RestApi:88 - Status Code==>>>> 200
2019-11-01 13:29:10 INFO  RestApi:24 - *****Started testcase OF PUT*****
2019-11-01 13:29:11 INFO  RestApi:35 - ####### START THE VERIFYING PATCH REQUEST  ######
2019-11-01 13:29:11 INFO  RestApi:40 - *****Verifying PATCH REQUEST 1*****
2019-11-01 13:29:16 INFO  RestApi:61 - Status Code==>>>> 200
2019-11-01 13:29:16 INFO  RestApi:75 - ####### START THE VERIFYING PATCH REQUEST  ######
2019-11-01 13:29:16 INFO  RestApi:80 - *****Verifying PATCH REQUEST 1*****
2019-11-01 13:29:18 INFO  RestApi:101 - Status Code==>>>> 200
2019-11-01 13:29:43 INFO  RestApi:31 - *****Started testcase OF List*****
2019-11-01 13:29:44 INFO  RestApi:44 - ####### START TO VERIFYING GET REQUEST1  ######
2019-11-01 13:29:44 INFO  RestApi:52 - *****Verifying GET Request*****
2019-11-01 13:29:47 INFO  RestApi:57 - Status Code==>>>> 200
2019-11-01 13:29:47 INFO  RestApi:69 - ####### START TO VERIFYING GET REQUEST2  ######
2019-11-01 13:29:48 INFO  RestApi:75 - Status Code==>>>> 200
2019-11-01 13:29:48 INFO  RestApi:25 - *****Started testcase OF PUT*****
2019-11-01 13:29:48 INFO  RestApi:21 - *****Started testcase OF PUT*****
2019-11-01 13:29:48 INFO  RestApi:24 - *****Started testcase OF PUT*****
2019-11-01 13:31:08 INFO  RestApi:25 - *****Started testcase OF PUT*****
2019-11-01 13:31:09 INFO  RestApi:35 - ########## START TO VERIFYING POST REQUEST 1  ###########
2019-11-01 13:31:09 INFO  RestApi:37 - *****Verifying POST REQUEST 1*****
2019-11-01 13:31:11 INFO  RestApi:51 - Status Code==>>>> 201
2019-11-01 13:31:11 INFO  RestApi:60 - ########## START TO VERIFYING POST REQUEST 2 ###########
2019-11-01 13:31:11 INFO  RestApi:62 - *****Verifying POST REQUEST 2*****
2019-11-01 13:31:13 INFO  RestApi:76 - Status Code==>>>> 201
2019-11-01 13:31:25 INFO  RestApi:31 - *****Started testcase OF List*****
2019-11-01 13:31:25 INFO  RestApi:44 - ####### START TO VERIFYING GET REQUEST1  ######
2019-11-01 13:31:25 INFO  RestApi:52 - *****Verifying GET Request*****
2019-11-01 13:31:28 INFO  RestApi:57 - Status Code==>>>> 200
2019-11-01 13:31:28 INFO  RestApi:69 - ####### START TO VERIFYING GET REQUEST2  ######
2019-11-01 13:31:29 INFO  RestApi:75 - Status Code==>>>> 200
2019-11-01 13:31:29 INFO  RestApi:25 - *****Started testcase OF PUT*****
2019-11-01 13:31:29 INFO  RestApi:21 - *****Started testcase OF PUT*****
2019-11-01 13:31:30 INFO  RestApi:24 - *****Started testcase OF PUT*****
2019-11-01 13:32:52 INFO  RestApi:31 - *****Started testcase OF List*****
2019-11-01 13:32:53 INFO  RestApi:44 - ####### START TO VERIFYING GET REQUEST1  ######
2019-11-01 13:32:53 INFO  RestApi:52 - *****Verifying GET Request*****
2019-11-01 13:32:56 INFO  RestApi:57 - Status Code==>>>> 200
2019-11-01 13:32:56 INFO  RestApi:69 - ####### START TO VERIFYING GET REQUEST2  ######
2019-11-01 13:32:57 INFO  RestApi:75 - Status Code==>>>> 200
2019-11-01 13:32:57 INFO  RestApi:25 - *****Started testcase OF PUT*****
2019-11-01 13:32:57 INFO  RestApi:21 - *****Started testcase OF PUT*****
2019-11-01 13:32:57 INFO  RestApi:24 - *****Started testcase OF PUT*****
2019-11-01 13:34:24 INFO  RestApi:31 - *****Started testcase OF List*****
2019-11-01 13:34:24 INFO  RestApi:44 - ####### START TO VERIFYING GET REQUEST1  ######
2019-11-01 13:34:24 INFO  RestApi:52 - *****Verifying GET Request*****
2019-11-01 13:34:27 INFO  RestApi:57 - Status Code==>>>> 200
2019-11-01 13:34:27 INFO  RestApi:69 - ####### START TO VERIFYING GET REQUEST2  ######
2019-11-01 13:34:28 INFO  RestApi:75 - Status Code==>>>> 200
2019-11-01 13:34:28 INFO  RestApi:25 - *****Started testcase OF PUT*****
2019-11-01 13:34:28 INFO  RestApi:21 - *****Started testcase OF PUT*****
2019-11-01 13:34:28 INFO  RestApi:24 - *****Started testcase OF PUT*****
2019-11-01 13:35:20 INFO  RestApi:31 - *****Started testcase OF List*****
2019-11-01 13:35:20 INFO  RestApi:44 - ####### START TO VERIFYING GET REQUEST1  ######
2019-11-01 13:35:20 INFO  RestApi:52 - *****Verifying GET Request*****
2019-11-01 13:35:23 INFO  RestApi:57 - Status Code==>>>> 200
2019-11-01 13:35:23 INFO  RestApi:69 - ####### START TO VERIFYING GET REQUEST2  ######
2019-11-01 13:35:24 INFO  RestApi:75 - Status Code==>>>> 200
2019-11-01 13:35:33 INFO  RestApi:31 - *****Started testcase OF List*****
2019-11-01 13:35:34 INFO  RestApi:44 - ####### START TO VERIFYING GET REQUEST1  ######
2019-11-01 13:35:34 INFO  RestApi:52 - *****Verifying GET Request*****
2019-11-01 13:35:37 INFO  RestApi:57 - Status Code==>>>> 200
2019-11-01 13:35:37 INFO  RestApi:69 - ####### START TO VERIFYING GET REQUEST2  ######
2019-11-01 13:35:38 INFO  RestApi:75 - Status Code==>>>> 200
2019-11-01 13:35:38 INFO  RestApi:25 - *****Started testcase OF PUT*****
2019-11-01 13:35:38 INFO  RestApi:21 - *****Started testcase OF PUT*****
2019-11-01 13:35:38 INFO  RestApi:24 - *****Started testcase OF PUT*****
2019-11-01 13:41:32 INFO  RestApi:31 - *****Started testcase OF List*****
2019-11-01 13:41:32 INFO  RestApi:44 - ####### START TO VERIFYING GET REQUEST1  ######
2019-11-01 13:41:32 INFO  RestApi:52 - *****Verifying GET Request*****
2019-11-01 13:41:35 INFO  RestApi:57 - Status Code==>>>> 200
2019-11-01 13:41:35 INFO  RestApi:69 - ####### START TO VERIFYING GET REQUEST2  ######
2019-11-01 13:41:36 INFO  RestApi:75 - Status Code==>>>> 200
2019-11-01 13:41:36 INFO  RestApi:25 - *****Started testcase OF PUT*****
2019-11-01 13:41:36 INFO  RestApi:21 - *****Started testcase OF PUT*****
2019-11-01 13:41:36 INFO  RestApi:24 - *****Started testcase OF PUT*****
2019-11-01 13:46:44 INFO  RestApi:31 - *****Started testcase OF List*****
2019-11-01 13:46:45 INFO  RestApi:44 - ####### START TO VERIFYING GET REQUEST1  ######
2019-11-01 13:46:45 INFO  RestApi:52 - *****Verifying GET Request*****
2019-11-01 13:46:48 INFO  RestApi:57 - Status Code==>>>> 200
2019-11-01 13:46:48 INFO  RestApi:69 - ####### START TO VERIFYING GET REQUEST2  ######
2019-11-01 13:46:49 INFO  RestApi:75 - Status Code==>>>> 200
2019-11-01 13:46:49 INFO  RestApi:25 - *****Started testcase OF PUT*****
2019-11-01 13:47:24 INFO  RestApi:25 - *****Started testcase OF PUT*****
2019-11-01 13:47:25 INFO  RestApi:35 - ########## START TO VERIFYING POST REQUEST 1  ###########
2019-11-01 13:47:25 INFO  RestApi:37 - *****Verifying POST REQUEST 1*****
2019-11-01 13:47:28 INFO  RestApi:51 - Status Code==>>>> 201
2019-11-01 13:47:28 INFO  RestApi:60 - ########## START TO VERIFYING POST REQUEST 2 ###########
2019-11-01 13:47:28 INFO  RestApi:62 - *****Verifying POST REQUEST 2*****
2019-11-01 13:47:30 INFO  RestApi:76 - Status Code==>>>> 201
2019-11-01 13:51:02 INFO  RestApi:31 - *****Started testcase OF List*****
2019-11-01 13:51:03 INFO  RestApi:44 - ####### START TO VERIFYING GET REQUEST1  ######
2019-11-01 13:51:03 INFO  RestApi:52 - *****Verifying GET Request*****
2019-11-01 13:51:06 INFO  RestApi:57 - Status Code==>>>> 200
2019-11-01 13:51:06 INFO  RestApi:69 - ####### START TO VERIFYING GET REQUEST2  ######
2019-11-01 13:51:07 INFO  RestApi:75 - Status Code==>>>> 200
2019-11-01 13:51:07 INFO  RestApi:25 - *****Started testcase OF PUT*****
2019-11-01 13:51:07 INFO  RestApi:35 - ########## START TO VERIFYING POST REQUEST 1  ###########
2019-11-01 13:51:07 INFO  RestApi:37 - *****Verifying POST REQUEST 1*****
2019-11-01 13:51:09 INFO  RestApi:51 - Status Code==>>>> 201
2019-11-01 13:51:09 INFO  RestApi:60 - ########## START TO VERIFYING POST REQUEST 2 ###########
2019-11-01 13:51:09 INFO  RestApi:62 - *****Verifying POST REQUEST 2*****
2019-11-01 13:51:10 INFO  RestApi:76 - Status Code==>>>> 201
2019-11-01 13:52:11 INFO  RestApi:31 - *****Started testcase OF List*****
2019-11-01 13:52:12 INFO  RestApi:44 - ####### START TO VERIFYING GET REQUEST1  ######
2019-11-01 13:52:12 INFO  RestApi:52 - *****Verifying GET Request*****
2019-11-01 13:52:15 INFO  RestApi:57 - Status Code==>>>> 200
2019-11-01 13:52:15 INFO  RestApi:69 - ####### START TO VERIFYING GET REQUEST2  ######
2019-11-01 13:52:16 INFO  RestApi:75 - Status Code==>>>> 200
2019-11-01 13:52:16 INFO  RestApi:25 - *****Started testcase OF PUT*****
2019-11-01 13:52:16 INFO  RestApi:35 - ########## START TO VERIFYING POST REQUEST 1  ###########
2019-11-01 13:52:16 INFO  RestApi:37 - *****Verifying POST REQUEST 1*****
2019-11-01 13:52:18 INFO  RestApi:51 - Status Code==>>>> 201
2019-11-01 13:52:18 INFO  RestApi:60 - ########## START TO VERIFYING POST REQUEST 2 ###########
2019-11-01 13:52:18 INFO  RestApi:62 - *****Verifying POST REQUEST 2*****
2019-11-01 13:52:19 INFO  RestApi:76 - Status Code==>>>> 201
2019-11-01 13:52:19 INFO  RestApi:21 - *****Started testcase OF PUT*****
2019-11-01 13:52:19 INFO  RestApi:33 - ####### START THE VERIFYING PUT REQUEST  ######
2019-11-01 13:52:19 INFO  RestApi:35 - *****Verifying PUT REQUEST 1*****
2019-11-01 13:52:22 INFO  RestApi:54 - Status Code==>>>> 200
2019-11-01 13:52:22 INFO  RestApi:67 - ####### START THE VERIFYING PUT REQUEST  ######
2019-11-01 13:52:22 INFO  RestApi:69 - *****Verifying PUT REQUEST 2*****
2019-11-01 13:52:25 INFO  RestApi:88 - Status Code==>>>> 200
2019-11-01 13:52:25 INFO  RestApi:24 - *****Started testcase OF PUT*****
2019-11-01 13:52:25 INFO  RestApi:35 - ####### START THE VERIFYING PATCH REQUEST  ######
2019-11-01 13:52:25 INFO  RestApi:40 - *****Verifying PATCH REQUEST 1*****
2019-11-01 13:52:29 INFO  RestApi:61 - Status Code==>>>> 200
2019-11-01 13:52:29 INFO  RestApi:75 - ####### START THE VERIFYING PATCH REQUEST  ######
2019-11-01 13:52:29 INFO  RestApi:80 - *****Verifying PATCH REQUEST 1*****
2019-11-01 13:52:31 INFO  RestApi:101 - Status Code==>>>> 200
2019-11-01 13:55:59 INFO  RestApi:31 - *****Started testcase OF List*****
2019-11-01 13:56:00 INFO  RestApi:44 - ####### START TO VERIFYING GET REQUEST1  ######
2019-11-01 13:56:00 INFO  RestApi:52 - *****Verifying GET Request*****
2019-11-01 13:56:03 INFO  RestApi:57 - Status Code==>>>> 200
2019-11-01 13:56:03 INFO  RestApi:69 - ####### START TO VERIFYING GET REQUEST2  ######
2019-11-01 13:56:04 INFO  RestApi:75 - Status Code==>>>> 200
2019-11-01 13:56:04 INFO  RestApi:25 - *****Started testcase OF PUT*****
2019-11-01 13:56:04 INFO  RestApi:35 - ########## START TO VERIFYING POST REQUEST 1  ###########
2019-11-01 13:56:04 INFO  RestApi:37 - *****Verifying POST REQUEST 1*****
2019-11-01 13:56:05 INFO  RestApi:51 - Status Code==>>>> 201
2019-11-01 13:56:05 INFO  RestApi:60 - ########## START TO VERIFYING POST REQUEST 2 ###########
2019-11-01 13:56:05 INFO  RestApi:62 - *****Verifying POST REQUEST 2*****
2019-11-01 13:56:06 INFO  RestApi:76 - Status Code==>>>> 201
2019-11-01 13:56:06 INFO  RestApi:21 - *****Started testcase OF PUT*****
2019-11-01 13:56:06 INFO  RestApi:33 - ####### START THE VERIFYING PUT REQUEST  ######
2019-11-01 13:56:06 INFO  RestApi:35 - *****Verifying PUT REQUEST 1*****
2019-11-01 13:56:09 INFO  RestApi:54 - Status Code==>>>> 200
2019-11-01 13:56:09 INFO  RestApi:67 - ####### START THE VERIFYING PUT REQUEST  ######
2019-11-01 13:56:09 INFO  RestApi:69 - *****Verifying PUT REQUEST 2*****
2019-11-01 13:56:12 INFO  RestApi:88 - Status Code==>>>> 200
2019-11-01 13:56:12 INFO  RestApi:24 - *****Started testcase OF PUT*****
2019-11-01 13:56:12 INFO  RestApi:35 - ####### START THE VERIFYING PATCH REQUEST  ######
2019-11-01 13:56:12 INFO  RestApi:40 - *****Verifying PATCH REQUEST 1*****
2019-11-01 13:56:14 INFO  RestApi:61 - Status Code==>>>> 200
2019-11-01 13:56:14 INFO  RestApi:75 - ####### START THE VERIFYING PATCH REQUEST  ######
2019-11-01 13:56:14 INFO  RestApi:80 - *****Verifying PATCH REQUEST 1*****
2019-11-01 13:56:16 INFO  RestApi:101 - Status Code==>>>> 200
2019-11-01 14:14:41 INFO  RestApi:31 - *****Started testcase OF List*****
2019-11-01 14:14:42 INFO  RestApi:44 - ####### START TO VERIFYING GET REQUEST1  ######
2019-11-01 14:14:42 INFO  RestApi:52 - *****Verifying GET Request*****
2019-11-01 14:14:45 INFO  RestApi:57 - Status Code==>>>> 200
2019-11-01 14:14:45 INFO  RestApi:69 - ####### START TO VERIFYING GET REQUEST2  ######
2019-11-01 14:14:46 INFO  RestApi:75 - Status Code==>>>> 200
2019-11-01 14:14:46 INFO  RestApi:25 - *****Started testcase OF PUT*****
2019-11-01 14:14:46 INFO  RestApi:35 - ########## START TO VERIFYING POST REQUEST 1  ###########
2019-11-01 14:14:46 INFO  RestApi:37 - *****Verifying POST REQUEST 1*****
2019-11-01 14:14:47 INFO  RestApi:51 - Status Code==>>>> 201
2019-11-01 14:14:47 INFO  RestApi:60 - ########## START TO VERIFYING POST REQUEST 2 ###########
2019-11-01 14:14:47 INFO  RestApi:62 - *****Verifying POST REQUEST 2*****
2019-11-01 14:14:49 INFO  RestApi:76 - Status Code==>>>> 201
2019-11-01 14:14:49 INFO  RestApi:21 - *****Started testcase OF PUT*****
2019-11-01 14:14:49 INFO  RestApi:33 - ####### START THE VERIFYING PUT REQUEST  ######
2019-11-01 14:14:49 INFO  RestApi:35 - *****Verifying PUT REQUEST 1*****
2019-11-01 14:14:52 INFO  RestApi:54 - Status Code==>>>> 200
2019-11-01 14:14:52 INFO  RestApi:67 - ####### START THE VERIFYING PUT REQUEST  ######
2019-11-01 14:14:52 INFO  RestApi:69 - *****Verifying PUT REQUEST 2*****
2019-11-01 14:14:54 INFO  RestApi:88 - Status Code==>>>> 200
2019-11-01 14:14:54 INFO  RestApi:24 - *****Started testcase OF PUT*****
2019-11-01 14:14:54 INFO  RestApi:35 - ####### START THE VERIFYING PATCH REQUEST  ######
2019-11-01 14:14:54 INFO  RestApi:40 - *****Verifying PATCH REQUEST 1*****
2019-11-01 14:14:56 INFO  RestApi:61 - Status Code==>>>> 200
2019-11-01 14:14:56 INFO  RestApi:75 - ####### START THE VERIFYING PATCH REQUEST  ######
2019-11-01 14:14:56 INFO  RestApi:80 - *****Verifying PATCH REQUEST 1*****
2019-11-01 14:14:59 INFO  RestApi:101 - Status Code==>>>> 200
2019-11-01 15:22:14 INFO  RestApi:31 - *****Started testcase OF List*****
2019-11-01 15:22:15 INFO  RestApi:44 - ####### START TO VERIFYING GET REQUEST1  ######
2019-11-01 15:22:15 INFO  RestApi:52 - *****Verifying GET Request*****
2019-11-01 15:22:19 INFO  RestApi:57 - Status Code==>>>> 200
2019-11-01 15:22:19 INFO  RestApi:69 - ####### START TO VERIFYING GET REQUEST2  ######
2019-11-01 15:22:20 INFO  RestApi:75 - Status Code==>>>> 200
2019-11-01 15:22:20 INFO  RestApi:25 - *****Started testcase OF PUT*****
2019-11-01 15:22:20 INFO  RestApi:35 - ########## START TO VERIFYING POST REQUEST 1  ###########
2019-11-01 15:22:20 INFO  RestApi:37 - *****Verifying POST REQUEST 1*****
2019-11-01 15:22:21 INFO  RestApi:51 - Status Code==>>>> 201
2019-11-01 15:22:21 INFO  RestApi:60 - ########## START TO VERIFYING POST REQUEST 2 ###########
2019-11-01 15:22:21 INFO  RestApi:62 - *****Verifying POST REQUEST 2*****
2019-11-01 15:22:23 INFO  RestApi:76 - Status Code==>>>> 201
2019-11-01 15:22:23 INFO  RestApi:21 - *****Started testcase OF PUT*****
2019-11-01 15:22:23 INFO  RestApi:33 - ####### START THE VERIFYING PUT REQUEST  ######
2019-11-01 15:22:23 INFO  RestApi:35 - *****Verifying PUT REQUEST 1*****
2019-11-01 15:22:26 INFO  RestApi:54 - Status Code==>>>> 200
2019-11-01 15:22:26 INFO  RestApi:67 - ####### START THE VERIFYING PUT REQUEST  ######
2019-11-01 15:22:26 INFO  RestApi:69 - *****Verifying PUT REQUEST 2*****
2019-11-01 15:22:28 INFO  RestApi:88 - Status Code==>>>> 200
2019-11-01 15:22:28 INFO  RestApi:24 - *****Started testcase OF PUT*****
2019-11-01 15:22:28 INFO  RestApi:35 - ####### START THE VERIFYING PATCH REQUEST  ######
2019-11-01 15:22:28 INFO  RestApi:40 - *****Verifying PATCH REQUEST 1*****
2019-11-01 15:22:31 INFO  RestApi:61 - Status Code==>>>> 200
2019-11-01 15:22:31 INFO  RestApi:75 - ####### START THE VERIFYING PATCH REQUEST  ######
2019-11-01 15:22:31 INFO  RestApi:80 - *****Verifying PATCH REQUEST 1*****
2019-11-01 15:22:33 INFO  RestApi:101 - Status Code==>>>> 200
2019-11-01 15:44:48 INFO  RestApi:21 - *****Started testcase OF DELETE*****
2019-11-01 15:44:49 INFO  RestApi:29 - ########## START TO VERIFYING DELETE REQUEST 1  ###########
2019-11-01 15:44:49 INFO  RestApi:31 - *****Verifying DELETE REQUEST 1*****
2019-11-01 15:44:51 INFO  RestApi:51 - Status Code==>>>> 404
2019-11-01 15:47:32 INFO  RestApi:21 - *****Started testcase OF DELETE*****
2019-11-01 15:47:33 INFO  RestApi:29 - ########## START TO VERIFYING DELETE REQUEST 1  ###########
2019-11-01 15:47:33 INFO  RestApi:31 - *****Verifying DELETE REQUEST 1*****
2019-11-01 15:47:35 INFO  RestApi:51 - Status Code==>>>> 404
2019-11-01 15:47:35 INFO  RestApi:61 - ########## START TO VERIFYING DELETE REQUEST 2  ###########
2019-11-01 15:47:35 INFO  RestApi:63 - *****Verifying DELETE REQUEST 2*****
2019-11-01 15:47:37 INFO  RestApi:83 - Status Code==>>>> 404
2019-11-01 16:37:47 INFO  RestApi:31 - *****Started testcase OF List*****
2019-11-01 16:37:48 INFO  RestApi:44 - ####### START TO VERIFYING GET REQUEST1  ######
2019-11-01 16:37:48 INFO  RestApi:52 - *****Verifying GET Request*****
2019-11-01 16:37:50 INFO  RestApi:57 - Status Code==>>>> 200
2019-11-01 16:37:50 INFO  RestApi:69 - ####### START TO VERIFYING GET REQUEST2  ######
2019-11-01 16:37:51 INFO  RestApi:75 - Status Code==>>>> 200
2019-11-01 16:37:51 INFO  RestApi:25 - *****Started testcase OF PUT*****
2019-11-01 16:37:51 INFO  RestApi:35 - ########## START TO VERIFYING POST REQUEST 1  ###########
2019-11-01 16:37:51 INFO  RestApi:37 - *****Verifying POST REQUEST 1*****
2019-11-01 16:37:52 INFO  RestApi:51 - Status Code==>>>> 201
2019-11-01 16:37:52 INFO  RestApi:60 - ########## START TO VERIFYING POST REQUEST 2 ###########
2019-11-01 16:37:52 INFO  RestApi:62 - *****Verifying POST REQUEST 2*****
2019-11-01 16:37:53 INFO  RestApi:76 - Status Code==>>>> 201
2019-11-01 16:37:53 INFO  RestApi:21 - *****Started testcase OF PUT*****
2019-11-01 16:37:53 INFO  RestApi:33 - ####### START THE VERIFYING PUT REQUEST  ######
2019-11-01 16:37:53 INFO  RestApi:35 - *****Verifying PUT REQUEST 1*****
2019-11-01 16:37:56 INFO  RestApi:54 - Status Code==>>>> 200
2019-11-01 16:37:56 INFO  RestApi:67 - ####### START THE VERIFYING PUT REQUEST  ######
2019-11-01 16:37:56 INFO  RestApi:69 - *****Verifying PUT REQUEST 2*****
2019-11-01 16:37:58 INFO  RestApi:88 - Status Code==>>>> 200
2019-11-01 16:37:58 INFO  RestApi:24 - *****Started testcase OF PUT*****
2019-11-01 16:37:58 INFO  RestApi:35 - ####### START THE VERIFYING PATCH REQUEST  ######
2019-11-01 16:37:58 INFO  RestApi:40 - *****Verifying PATCH REQUEST 1*****
2019-11-01 16:38:00 INFO  RestApi:61 - Status Code==>>>> 200
2019-11-01 16:38:00 INFO  RestApi:75 - ####### START THE VERIFYING PATCH REQUEST  ######
2019-11-01 16:38:00 INFO  RestApi:80 - *****Verifying PATCH REQUEST 1*****
2019-11-01 16:38:03 INFO  RestApi:101 - Status Code==>>>> 200
2019-11-01 16:38:03 INFO  RestApi:21 - *****Started testcase OF DELETE*****
2019-11-01 16:38:03 INFO  RestApi:29 - ########## START TO VERIFYING DELETE REQUEST 1  ###########
2019-11-01 16:38:03 INFO  RestApi:31 - *****Verifying DELETE REQUEST 1*****
2019-11-01 16:38:04 INFO  RestApi:51 - Status Code==>>>> 204
2019-11-01 16:38:04 INFO  RestApi:61 - ########## START TO VERIFYING DELETE REQUEST 2  ###########
2019-11-01 16:38:04 INFO  RestApi:63 - *****Verifying DELETE REQUEST 2*****
2019-11-01 16:38:05 INFO  RestApi:83 - Status Code==>>>> 204
2019-11-01 16:46:26 INFO  RestApi:31 - *****Started testcase OF List*****
2019-11-01 16:46:26 INFO  RestApi:44 - ####### START TO VERIFYING GET REQUEST1  ######
2019-11-01 16:46:26 INFO  RestApi:52 - *****Verifying GET Request*****
2019-11-01 16:46:29 INFO  RestApi:57 - Status Code==>>>> 200
2019-11-01 16:46:29 INFO  RestApi:69 - ####### START TO VERIFYING GET REQUEST2  ######
2019-11-01 16:46:30 INFO  RestApi:75 - Status Code==>>>> 200
2019-11-01 16:46:30 INFO  RestApi:25 - *****Started testcase OF PUT*****
2019-11-01 16:46:30 INFO  RestApi:35 - ########## START TO VERIFYING POST REQUEST 1  ###########
2019-11-01 16:46:30 INFO  RestApi:37 - *****Verifying POST REQUEST 1*****
2019-11-01 16:46:32 INFO  RestApi:51 - Status Code==>>>> 201
2019-11-01 16:46:32 INFO  RestApi:60 - ########## START TO VERIFYING POST REQUEST 2 ###########
2019-11-01 16:46:32 INFO  RestApi:62 - *****Verifying POST REQUEST 2*****
2019-11-01 16:46:33 INFO  RestApi:76 - Status Code==>>>> 201
2019-11-01 16:46:33 INFO  RestApi:21 - *****Started testcase OF PUT*****
2019-11-01 16:46:33 INFO  RestApi:33 - ####### START THE VERIFYING PUT REQUEST  ######
2019-11-01 16:46:33 INFO  RestApi:35 - *****Verifying PUT REQUEST 1*****
2019-11-01 16:46:36 INFO  RestApi:54 - Status Code==>>>> 200
2019-11-01 16:46:36 INFO  RestApi:67 - ####### START THE VERIFYING PUT REQUEST  ######
2019-11-01 16:46:36 INFO  RestApi:69 - *****Verifying PUT REQUEST 2*****
2019-11-01 16:46:38 INFO  RestApi:88 - Status Code==>>>> 200
2019-11-01 16:46:38 INFO  RestApi:24 - *****Started testcase OF PUT*****
2019-11-01 16:46:38 INFO  RestApi:35 - ####### START THE VERIFYING PATCH REQUEST  ######
2019-11-01 16:46:38 INFO  RestApi:40 - *****Verifying PATCH REQUEST 1*****
2019-11-01 16:46:41 INFO  RestApi:61 - Status Code==>>>> 200
2019-11-01 16:46:41 INFO  RestApi:75 - ####### START THE VERIFYING PATCH REQUEST  ######
2019-11-01 16:46:41 INFO  RestApi:80 - *****Verifying PATCH REQUEST 1*****
2019-11-01 16:46:43 INFO  RestApi:101 - Status Code==>>>> 200
2019-11-01 16:46:43 INFO  RestApi:21 - *****Started testcase OF DELETE*****
2019-11-01 16:46:43 INFO  RestApi:29 - ########## START TO VERIFYING DELETE REQUEST 1  ###########
2019-11-01 16:46:43 INFO  RestApi:31 - *****Verifying DELETE REQUEST 1*****
2019-11-01 16:46:44 INFO  RestApi:61 - ########## START TO VERIFYING DELETE REQUEST 2  ###########
2019-11-01 16:46:44 INFO  RestApi:63 - *****Verifying DELETE REQUEST 2*****
2019-11-01 17:15:01 INFO  RestApi:32 - *****Started testcase OF List*****
2019-11-01 17:15:02 INFO  RestApi:46 - ####### START TO VERIFYING GET REQUEST1  ######
2019-11-01 17:15:02 INFO  RestApi:54 - *****Verifying GET Request*****
2019-11-01 17:15:04 INFO  RestApi:59 - Status Code==>>>> 200
2019-11-01 17:15:04 INFO  RestApi:71 - ####### START TO VERIFYING GET REQUEST2  ######
2019-11-01 17:15:05 INFO  RestApi:77 - Status Code==>>>> 200
2019-11-01 17:15:56 INFO  RestApi:32 - *****Started testcase OF List*****
2019-11-01 17:15:57 INFO  RestApi:46 - ####### START TO VERIFYING GET REQUEST1  ######
2019-11-01 17:15:57 INFO  RestApi:54 - *****Verifying GET Request*****
2019-11-01 17:16:00 INFO  RestApi:59 - Status Code==>>>> 200
2019-11-01 17:16:00 INFO  RestApi:71 - ####### START TO VERIFYING GET REQUEST2  ######
2019-11-01 17:16:01 INFO  RestApi:77 - Status Code==>>>> 200
2019-11-01 17:16:10 INFO  RestApi:32 - *****Started testcase OF List*****
2019-11-01 17:16:11 INFO  RestApi:46 - ####### START TO VERIFYING GET REQUEST1  ######
2019-11-01 17:16:11 INFO  RestApi:54 - *****Verifying GET Request*****
2019-11-01 17:16:14 INFO  RestApi:59 - Status Code==>>>> 200
2019-11-01 17:16:14 INFO  RestApi:71 - ####### START TO VERIFYING GET REQUEST2  ######
2019-11-01 17:16:15 INFO  RestApi:77 - Status Code==>>>> 200
2019-11-01 17:16:15 INFO  RestApi:25 - *****Started testcase OF PUT*****
2019-11-01 17:16:15 INFO  RestApi:35 - ########## START TO VERIFYING POST REQUEST 1  ###########
2019-11-01 17:16:15 INFO  RestApi:37 - *****Verifying POST REQUEST 1*****
2019-11-01 17:16:16 INFO  RestApi:51 - Status Code==>>>> 201
2019-11-01 17:16:16 INFO  RestApi:60 - ########## START TO VERIFYING POST REQUEST 2 ###########
2019-11-01 17:16:16 INFO  RestApi:62 - *****Verifying POST REQUEST 2*****
2019-11-01 17:16:18 INFO  RestApi:76 - Status Code==>>>> 201
2019-11-01 17:16:18 INFO  RestApi:21 - *****Started testcase OF PUT*****
2019-11-01 17:16:18 INFO  RestApi:33 - ####### START THE VERIFYING PUT REQUEST  ######
2019-11-01 17:16:18 INFO  RestApi:35 - *****Verifying PUT REQUEST 1*****
2019-11-01 17:16:20 INFO  RestApi:54 - Status Code==>>>> 200
2019-11-01 17:16:20 INFO  RestApi:67 - ####### START THE VERIFYING PUT REQUEST  ######
2019-11-01 17:16:20 INFO  RestApi:69 - *****Verifying PUT REQUEST 2*****
2019-11-01 17:16:23 INFO  RestApi:88 - Status Code==>>>> 200
2019-11-01 17:16:23 INFO  RestApi:24 - *****Started testcase OF PUT*****
2019-11-01 17:16:23 INFO  RestApi:35 - ####### START THE VERIFYING PATCH REQUEST  ######
2019-11-01 17:16:23 INFO  RestApi:40 - *****Verifying PATCH REQUEST 1*****
2019-11-01 17:16:25 INFO  RestApi:61 - Status Code==>>>> 200
2019-11-01 17:16:25 INFO  RestApi:75 - ####### START THE VERIFYING PATCH REQUEST  ######
2019-11-01 17:16:25 INFO  RestApi:80 - *****Verifying PATCH REQUEST 1*****
2019-11-01 17:16:28 INFO  RestApi:101 - Status Code==>>>> 200
2019-11-01 17:16:28 INFO  RestApi:21 - *****Started testcase OF DELETE*****
2019-11-01 17:16:28 INFO  RestApi:29 - ########## START TO VERIFYING DELETE REQUEST 1  ###########
2019-11-01 17:16:28 INFO  RestApi:31 - *****Verifying DELETE REQUEST 1*****
2019-11-01 17:16:29 INFO  RestApi:61 - ########## START TO VERIFYING DELETE REQUEST 2  ###########
2019-11-01 17:16:29 INFO  RestApi:63 - *****Verifying DELETE REQUEST 2*****
2019-11-01 17:18:47 INFO  RestApi:32 - *****Started testcase OF List*****
2019-11-01 17:18:47 INFO  RestApi:46 - ####### START TO VERIFYING GET REQUEST1  ######
2019-11-01 17:18:47 INFO  RestApi:54 - *****Verifying GET Request*****
2019-11-01 17:18:50 INFO  RestApi:59 - Status Code==>>>> 200
2019-11-01 17:18:50 INFO  RestApi:71 - ####### START TO VERIFYING GET REQUEST2  ######
2019-11-01 17:18:51 INFO  RestApi:77 - Status Code==>>>> 200
2019-11-01 17:18:51 INFO  RestApi:25 - *****Started testcase OF PUT*****
2019-11-01 17:18:51 INFO  RestApi:35 - ########## START TO VERIFYING POST REQUEST 1  ###########
2019-11-01 17:18:51 INFO  RestApi:37 - *****Verifying POST REQUEST 1*****
2019-11-01 17:18:52 INFO  RestApi:51 - Status Code==>>>> 201
2019-11-01 17:18:52 INFO  RestApi:60 - ########## START TO VERIFYING POST REQUEST 2 ###########
2019-11-01 17:18:52 INFO  RestApi:62 - *****Verifying POST REQUEST 2*****
2019-11-01 17:18:53 INFO  RestApi:76 - Status Code==>>>> 201
2019-11-01 17:18:53 INFO  RestApi:21 - *****Started testcase OF PUT*****
2019-11-01 17:18:53 INFO  RestApi:33 - ####### START THE VERIFYING PUT REQUEST  ######
2019-11-01 17:18:53 INFO  RestApi:35 - *****Verifying PUT REQUEST 1*****
2019-11-01 17:18:56 INFO  RestApi:54 - Status Code==>>>> 200
2019-11-01 17:18:56 INFO  RestApi:67 - ####### START THE VERIFYING PUT REQUEST  ######
2019-11-01 17:18:56 INFO  RestApi:69 - *****Verifying PUT REQUEST 2*****
2019-11-01 17:18:58 INFO  RestApi:88 - Status Code==>>>> 200
2019-11-01 17:18:58 INFO  RestApi:24 - *****Started testcase OF PUT*****
2019-11-01 17:18:58 INFO  RestApi:35 - ####### START THE VERIFYING PATCH REQUEST  ######
2019-11-01 17:18:58 INFO  RestApi:40 - *****Verifying PATCH REQUEST 1*****
2019-11-01 17:19:04 INFO  RestApi:61 - Status Code==>>>> 200
2019-11-01 17:19:04 INFO  RestApi:75 - ####### START THE VERIFYING PATCH REQUEST  ######
2019-11-01 17:19:04 INFO  RestApi:80 - *****Verifying PATCH REQUEST 1*****
2019-11-01 17:19:06 INFO  RestApi:101 - Status Code==>>>> 200
2019-11-01 17:19:06 INFO  RestApi:21 - *****Started testcase OF DELETE*****
2019-11-01 17:19:06 INFO  RestApi:29 - ########## START TO VERIFYING DELETE REQUEST 1  ###########
2019-11-01 17:19:06 INFO  RestApi:31 - *****Verifying DELETE REQUEST 1*****
2019-11-01 17:19:07 INFO  RestApi:51 - Status Code==>>>> 204
2019-11-01 17:19:07 INFO  RestApi:61 - ########## START TO VERIFYING DELETE REQUEST 2  ###########
2019-11-01 17:19:07 INFO  RestApi:63 - *****Verifying DELETE REQUEST 2*****
2019-11-01 17:19:09 INFO  RestApi:83 - Status Code==>>>> 204
2019-11-01 17:22:53 INFO  RestApi:32 - *****Started testcase OF List*****
2019-11-01 17:22:53 INFO  RestApi:45 - ####### START TO VERIFYING GET REQUEST1  ######
2019-11-01 17:22:53 INFO  RestApi:53 - *****Verifying GET Request*****
2019-11-01 17:22:56 INFO  RestApi:58 - Status Code==>>>> 200
2019-11-01 17:22:56 INFO  RestApi:70 - ####### START TO VERIFYING GET REQUEST2  ######
2019-11-01 17:22:57 INFO  RestApi:76 - Status Code==>>>> 200
2019-11-01 17:23:18 INFO  RestApi:32 - *****Started testcase OF List*****
2019-11-01 17:23:19 INFO  RestApi:45 - ####### START TO VERIFYING GET REQUEST1  ######
2019-11-01 17:23:19 INFO  RestApi:53 - *****Verifying GET Request*****
2019-11-01 17:23:22 INFO  RestApi:58 - Status Code==>>>> 200
2019-11-01 17:23:22 INFO  RestApi:70 - ####### START TO VERIFYING GET REQUEST2  ######
2019-11-01 17:23:23 INFO  RestApi:76 - Status Code==>>>> 200
2019-11-01 17:23:23 INFO  RestApi:25 - *****Started testcase OF PUT*****
2019-11-01 17:23:23 INFO  RestApi:35 - ########## START TO VERIFYING POST REQUEST 1  ###########
2019-11-01 17:23:23 INFO  RestApi:37 - *****Verifying POST REQUEST 1*****
2019-11-01 17:23:24 INFO  RestApi:51 - Status Code==>>>> 201
2019-11-01 17:23:24 INFO  RestApi:60 - ########## START TO VERIFYING POST REQUEST 2 ###########
2019-11-01 17:23:24 INFO  RestApi:62 - *****Verifying POST REQUEST 2*****
2019-11-01 17:23:26 INFO  RestApi:76 - Status Code==>>>> 201
2019-11-01 17:23:26 INFO  RestApi:21 - *****Started testcase OF PUT*****
2019-11-01 17:23:26 INFO  RestApi:33 - ####### START THE VERIFYING PUT REQUEST  ######
2019-11-01 17:23:26 INFO  RestApi:35 - *****Verifying PUT REQUEST 1*****
2019-11-01 17:23:28 INFO  RestApi:54 - Status Code==>>>> 200
2019-11-01 17:23:28 INFO  RestApi:67 - ####### START THE VERIFYING PUT REQUEST  ######
2019-11-01 17:23:28 INFO  RestApi:69 - *****Verifying PUT REQUEST 2*****
2019-11-01 17:23:31 INFO  RestApi:88 - Status Code==>>>> 200
2019-11-01 17:23:31 INFO  RestApi:24 - *****Started testcase OF PUT*****
2019-11-01 17:23:31 INFO  RestApi:35 - ####### START THE VERIFYING PATCH REQUEST  ######
2019-11-01 17:23:31 INFO  RestApi:40 - *****Verifying PATCH REQUEST 1*****
2019-11-01 17:23:33 INFO  RestApi:61 - Status Code==>>>> 200
2019-11-01 17:23:33 INFO  RestApi:75 - ####### START THE VERIFYING PATCH REQUEST  ######
2019-11-01 17:23:33 INFO  RestApi:80 - *****Verifying PATCH REQUEST 1*****
2019-11-01 17:23:36 INFO  RestApi:101 - Status Code==>>>> 200
2019-11-01 17:23:36 INFO  RestApi:21 - *****Started testcase OF DELETE*****
2019-11-01 17:23:36 INFO  RestApi:29 - ########## START TO VERIFYING DELETE REQUEST 1  ###########
2019-11-01 17:23:36 INFO  RestApi:31 - *****Verifying DELETE REQUEST 1*****
2019-11-01 17:23:37 INFO  RestApi:61 - ########## START TO VERIFYING DELETE REQUEST 2  ###########
2019-11-01 17:23:37 INFO  RestApi:63 - *****Verifying DELETE REQUEST 2*****
2019-11-01 17:26:05 INFO  RestApi:32 - *****Started testcase OF List*****
2019-11-01 17:26:06 INFO  RestApi:45 - ####### START TO VERIFYING GET REQUEST1  ######
2019-11-01 17:26:06 INFO  RestApi:53 - *****Verifying GET Request*****
2019-11-01 17:26:08 INFO  RestApi:58 - Status Code==>>>> 200
2019-11-01 17:26:08 INFO  RestApi:70 - ####### START TO VERIFYING GET REQUEST2  ######
2019-11-01 17:26:10 INFO  RestApi:76 - Status Code==>>>> 200
2019-11-01 17:26:10 INFO  RestApi:25 - *****Started testcase OF PUT*****
2019-11-01 17:26:10 INFO  RestApi:35 - ########## START TO VERIFYING POST REQUEST 1  ###########
2019-11-01 17:26:10 INFO  RestApi:37 - *****Verifying POST REQUEST 1*****
2019-11-01 17:26:11 INFO  RestApi:51 - Status Code==>>>> 201
2019-11-01 17:26:11 INFO  RestApi:60 - ########## START TO VERIFYING POST REQUEST 2 ###########
2019-11-01 17:26:11 INFO  RestApi:62 - *****Verifying POST REQUEST 2*****
2019-11-01 17:26:12 INFO  RestApi:76 - Status Code==>>>> 201
2019-11-01 17:26:12 INFO  RestApi:21 - *****Started testcase OF PUT*****
2019-11-01 17:26:12 INFO  RestApi:33 - ####### START THE VERIFYING PUT REQUEST  ######
2019-11-01 17:26:12 INFO  RestApi:35 - *****Verifying PUT REQUEST 1*****
2019-11-01 17:26:15 INFO  RestApi:54 - Status Code==>>>> 200
2019-11-01 17:26:15 INFO  RestApi:67 - ####### START THE VERIFYING PUT REQUEST  ######
2019-11-01 17:26:15 INFO  RestApi:69 - *****Verifying PUT REQUEST 2*****
2019-11-01 17:26:17 INFO  RestApi:88 - Status Code==>>>> 200
2019-11-01 17:26:17 INFO  RestApi:24 - *****Started testcase OF PUT*****
2019-11-01 17:26:17 INFO  RestApi:35 - ####### START THE VERIFYING PATCH REQUEST  ######
2019-11-01 17:26:17 INFO  RestApi:40 - *****Verifying PATCH REQUEST 1*****
2019-11-01 17:26:20 INFO  RestApi:61 - Status Code==>>>> 200
2019-11-01 17:26:20 INFO  RestApi:75 - ####### START THE VERIFYING PATCH REQUEST  ######
2019-11-01 17:26:20 INFO  RestApi:80 - *****Verifying PATCH REQUEST 1*****
2019-11-01 17:26:22 INFO  RestApi:101 - Status Code==>>>> 200
2019-11-01 17:26:22 INFO  RestApi:21 - *****Started testcase OF DELETE*****
2019-11-01 17:26:22 INFO  RestApi:29 - ########## START TO VERIFYING DELETE REQUEST 1  ###########
2019-11-01 17:26:22 INFO  RestApi:31 - *****Verifying DELETE REQUEST 1*****
2019-11-01 17:26:24 INFO  RestApi:61 - ########## START TO VERIFYING DELETE REQUEST 2  ###########
2019-11-01 17:26:24 INFO  RestApi:63 - *****Verifying DELETE REQUEST 2*****
2019-11-01 17:26:25 INFO  RestApi:83 - Status Code==>>>> 204
2019-11-01 17:26:57 INFO  RestApi:21 - *****Started testcase OF DELETE*****
2019-11-01 17:26:57 INFO  RestApi:29 - ########## START TO VERIFYING DELETE REQUEST 1  ###########
2019-11-01 17:26:57 INFO  RestApi:31 - *****Verifying DELETE REQUEST 1*****
2019-11-01 17:27:00 INFO  RestApi:61 - ########## START TO VERIFYING DELETE REQUEST 2  ###########
2019-11-01 17:27:00 INFO  RestApi:63 - *****Verifying DELETE REQUEST 2*****
2019-11-01 17:29:50 INFO  RestApi:32 - *****Started testcase OF List*****
2019-11-01 17:29:51 INFO  RestApi:45 - ####### START TO VERIFYING GET REQUEST1  ######
2019-11-01 17:29:51 INFO  RestApi:53 - *****Verifying GET Request*****
2019-11-01 17:29:53 INFO  RestApi:58 - Status Code==>>>> 200
2019-11-01 17:29:53 INFO  RestApi:70 - ####### START TO VERIFYING GET REQUEST2  ######
2019-11-01 17:29:55 INFO  RestApi:76 - Status Code==>>>> 200
2019-11-01 17:29:55 INFO  RestApi:25 - *****Started testcase OF PUT*****
2019-11-01 17:29:55 INFO  RestApi:35 - ########## START TO VERIFYING POST REQUEST 1  ###########
2019-11-01 17:29:55 INFO  RestApi:37 - *****Verifying POST REQUEST 1*****
2019-11-01 17:29:56 INFO  RestApi:51 - Status Code==>>>> 201
2019-11-01 17:29:56 INFO  RestApi:60 - ########## START TO VERIFYING POST REQUEST 2 ###########
2019-11-01 17:29:56 INFO  RestApi:62 - *****Verifying POST REQUEST 2*****
2019-11-01 17:29:57 INFO  RestApi:76 - Status Code==>>>> 201
2019-11-01 17:29:57 INFO  RestApi:21 - *****Started testcase OF PUT*****
2019-11-01 17:29:57 INFO  RestApi:33 - ####### START THE VERIFYING PUT REQUEST  ######
2019-11-01 17:29:57 INFO  RestApi:35 - *****Verifying PUT REQUEST 1*****
2019-11-01 17:30:00 INFO  RestApi:54 - Status Code==>>>> 200
2019-11-01 17:30:00 INFO  RestApi:67 - ####### START THE VERIFYING PUT REQUEST  ######
2019-11-01 17:30:00 INFO  RestApi:69 - *****Verifying PUT REQUEST 2*****
2019-11-01 17:30:02 INFO  RestApi:88 - Status Code==>>>> 200
2019-11-01 17:30:02 INFO  RestApi:24 - *****Started testcase OF PUT*****
2019-11-01 17:30:02 INFO  RestApi:35 - ####### START THE VERIFYING PATCH REQUEST  ######
2019-11-01 17:30:02 INFO  RestApi:40 - *****Verifying PATCH REQUEST 1*****
2019-11-01 17:30:05 INFO  RestApi:61 - Status Code==>>>> 200
2019-11-01 17:30:05 INFO  RestApi:75 - ####### START THE VERIFYING PATCH REQUEST  ######
2019-11-01 17:30:05 INFO  RestApi:80 - *****Verifying PATCH REQUEST 1*****
2019-11-01 17:30:07 INFO  RestApi:101 - Status Code==>>>> 200
2019-11-01 17:30:07 INFO  RestApi:21 - *****Started testcase OF DELETE*****
2019-11-01 17:30:07 INFO  RestApi:29 - ########## START TO VERIFYING DELETE REQUEST 1  ###########
2019-11-01 17:30:07 INFO  RestApi:31 - *****Verifying DELETE REQUEST 1*****
2019-11-01 17:30:08 INFO  RestApi:51 - Status Code==>>>> 204
2019-11-01 17:30:08 INFO  RestApi:61 - ########## START TO VERIFYING DELETE REQUEST 2  ###########
2019-11-01 17:30:08 INFO  RestApi:63 - *****Verifying DELETE REQUEST 2*****
2019-11-01 17:30:09 INFO  RestApi:83 - Status Code==>>>> 204
2019-11-01 17:44:12 INFO  RestApi:32 - *****Started testcase OF List*****
2019-11-01 17:44:12 INFO  RestApi:45 - ####### START TO VERIFYING GET REQUEST1  ######
2019-11-01 17:44:12 INFO  RestApi:53 - *****Verifying GET Request*****
2019-11-01 17:44:15 INFO  RestApi:58 - Status Code==>>>> 200
2019-11-01 17:44:15 INFO  RestApi:70 - ####### START TO VERIFYING GET REQUEST2  ######
2019-11-01 17:44:16 INFO  RestApi:76 - Status Code==>>>> 200
2019-11-01 17:44:16 INFO  RestApi:25 - *****Started testcase OF PUT*****
2019-11-01 17:44:16 INFO  RestApi:35 - ########## START TO VERIFYING POST REQUEST 1  ###########
2019-11-01 17:44:16 INFO  RestApi:37 - *****Verifying POST REQUEST 1*****
2019-11-01 17:44:17 INFO  RestApi:51 - Status Code==>>>> 201
2019-11-01 17:44:17 INFO  RestApi:60 - ########## START TO VERIFYING POST REQUEST 2 ###########
2019-11-01 17:44:17 INFO  RestApi:62 - *****Verifying POST REQUEST 2*****
2019-11-01 17:44:19 INFO  RestApi:76 - Status Code==>>>> 201
2019-11-01 17:44:19 INFO  RestApi:21 - *****Started testcase OF PUT*****
2019-11-01 17:44:19 INFO  RestApi:33 - ####### START THE VERIFYING PUT REQUEST  ######
2019-11-01 17:44:19 INFO  RestApi:35 - *****Verifying PUT REQUEST 1*****
2019-11-01 17:44:22 INFO  RestApi:54 - Status Code==>>>> 200
2019-11-01 17:44:22 INFO  RestApi:67 - ####### START THE VERIFYING PUT REQUEST  ######
2019-11-01 17:44:22 INFO  RestApi:69 - *****Verifying PUT REQUEST 2*****
2019-11-01 17:44:24 INFO  RestApi:88 - Status Code==>>>> 200
2019-11-01 17:44:24 INFO  RestApi:24 - *****Started testcase OF PUT*****
2019-11-01 17:44:24 INFO  RestApi:35 - ####### START THE VERIFYING PATCH REQUEST  ######
2019-11-01 17:44:24 INFO  RestApi:40 - *****Verifying PATCH REQUEST 1*****
2019-11-01 17:44:26 INFO  RestApi:61 - Status Code==>>>> 200
2019-11-01 17:44:26 INFO  RestApi:75 - ####### START THE VERIFYING PATCH REQUEST  ######
2019-11-01 17:44:26 INFO  RestApi:80 - *****Verifying PATCH REQUEST 1*****
2019-11-01 17:44:29 INFO  RestApi:101 - Status Code==>>>> 200
2019-11-01 17:44:29 INFO  RestApi:21 - *****Started testcase OF DELETE*****
2019-11-01 17:44:29 INFO  RestApi:29 - ########## START TO VERIFYING DELETE REQUEST 1  ###########
2019-11-01 17:44:29 INFO  RestApi:31 - *****Verifying DELETE REQUEST 1*****
2019-11-01 17:44:30 INFO  RestApi:61 - ########## START TO VERIFYING DELETE REQUEST 2  ###########
2019-11-01 17:44:30 INFO  RestApi:63 - *****Verifying DELETE REQUEST 2*****
2019-11-01 17:46:22 INFO  RestApi:32 - *****Started testcase OF List*****
2019-11-01 17:46:22 INFO  RestApi:45 - ####### START TO VERIFYING GET REQUEST1  ######
2019-11-01 17:46:22 INFO  RestApi:53 - *****Verifying GET Request*****
2019-11-01 17:46:25 INFO  RestApi:58 - Status Code==>>>> 200
2019-11-01 17:46:25 INFO  RestApi:70 - ####### START TO VERIFYING GET REQUEST2  ######
2019-11-01 17:46:26 INFO  RestApi:76 - Status Code==>>>> 200
2019-11-01 17:46:26 INFO  RestApi:25 - *****Started testcase OF PUT*****
2019-11-01 17:46:26 INFO  RestApi:35 - ########## START TO VERIFYING POST REQUEST 1  ###########
2019-11-01 17:46:26 INFO  RestApi:37 - *****Verifying POST REQUEST 1*****
2019-11-01 17:46:28 INFO  RestApi:51 - Status Code==>>>> 201
2019-11-01 17:46:28 INFO  RestApi:60 - ########## START TO VERIFYING POST REQUEST 2 ###########
2019-11-01 17:46:28 INFO  RestApi:62 - *****Verifying POST REQUEST 2*****
2019-11-01 17:46:29 INFO  RestApi:76 - Status Code==>>>> 201
2019-11-01 17:46:29 INFO  RestApi:21 - *****Started testcase OF PUT*****
2019-11-01 17:46:29 INFO  RestApi:33 - ####### START THE VERIFYING PUT REQUEST  ######
2019-11-01 17:46:29 INFO  RestApi:35 - *****Verifying PUT REQUEST 1*****
2019-11-01 17:46:32 INFO  RestApi:54 - Status Code==>>>> 200
2019-11-01 17:46:32 INFO  RestApi:67 - ####### START THE VERIFYING PUT REQUEST  ######
2019-11-01 17:46:32 INFO  RestApi:69 - *****Verifying PUT REQUEST 2*****
2019-11-01 17:46:34 INFO  RestApi:88 - Status Code==>>>> 200
2019-11-01 17:46:34 INFO  RestApi:24 - *****Started testcase OF PUT*****
2019-11-01 17:46:34 INFO  RestApi:35 - ####### START THE VERIFYING PATCH REQUEST  ######
2019-11-01 17:46:34 INFO  RestApi:40 - *****Verifying PATCH REQUEST 1*****
2019-11-01 17:46:36 INFO  RestApi:61 - Status Code==>>>> 200
2019-11-01 17:46:36 INFO  RestApi:75 - ####### START THE VERIFYING PATCH REQUEST  ######
2019-11-01 17:46:36 INFO  RestApi:80 - *****Verifying PATCH REQUEST 1*****
2019-11-01 17:46:39 INFO  RestApi:101 - Status Code==>>>> 200
2019-11-01 17:46:39 INFO  RestApi:21 - *****Started testcase OF DELETE*****
2019-11-01 17:46:39 INFO  RestApi:29 - ########## START TO VERIFYING DELETE REQUEST 1  ###########
2019-11-01 17:46:39 INFO  RestApi:31 - *****Verifying DELETE REQUEST 1*****
2019-11-01 17:46:40 INFO  RestApi:61 - ########## START TO VERIFYING DELETE REQUEST 2  ###########
2019-11-01 17:46:40 INFO  RestApi:63 - *****Verifying DELETE REQUEST 2*****
2019-11-01 17:47:12 INFO  RestApi:32 - *****Started testcase OF List*****
2019-11-01 17:47:12 INFO  RestApi:45 - ####### START TO VERIFYING GET REQUEST1  ######
2019-11-01 17:47:12 INFO  RestApi:53 - *****Verifying GET Request*****
2019-11-01 17:47:15 INFO  RestApi:58 - Status Code==>>>> 200
2019-11-01 17:47:15 INFO  RestApi:70 - ####### START TO VERIFYING GET REQUEST2  ######
2019-11-01 17:47:16 INFO  RestApi:76 - Status Code==>>>> 200
2019-11-01 17:54:25 INFO  RestApi:32 - *****Started testcase OF List*****
2019-11-01 17:54:26 INFO  RestApi:45 - ####### START TO VERIFYING GET REQUEST1  ######
2019-11-01 17:54:26 INFO  RestApi:53 - *****Verifying GET Request*****
2019-11-01 17:54:28 INFO  RestApi:58 - Status Code==>>>> 200
2019-11-01 17:54:28 INFO  RestApi:70 - ####### START TO VERIFYING GET REQUEST2  ######
2019-11-01 17:54:29 INFO  RestApi:76 - Status Code==>>>> 200
2019-11-01 17:54:29 INFO  RestApi:26 - *****Started testcase OF PUT*****
2019-11-01 17:54:29 INFO  RestApi:36 - ########## START TO VERIFYING POST REQUEST 1  ###########
2019-11-01 17:54:29 INFO  RestApi:38 - *****Verifying POST REQUEST 1*****
2019-11-01 17:54:31 INFO  RestApi:52 - Status Code==>>>> 201
2019-11-01 17:54:31 INFO  RestApi:61 - ########## START TO VERIFYING POST REQUEST 2 ###########
2019-11-01 17:54:31 INFO  RestApi:63 - *****Verifying POST REQUEST 2*****
2019-11-01 17:54:32 INFO  RestApi:77 - Status Code==>>>> 201
2019-11-01 17:55:35 INFO  RestApi:32 - *****Started testcase OF List*****
2019-11-01 17:55:36 INFO  RestApi:45 - ####### START TO VERIFYING GET REQUEST1  ######
2019-11-01 17:55:36 INFO  RestApi:53 - *****Verifying GET Request*****
2019-11-01 17:55:38 INFO  RestApi:58 - Status Code==>>>> 200
2019-11-01 17:55:38 INFO  RestApi:70 - ####### START TO VERIFYING GET REQUEST2  ######
2019-11-01 17:55:40 INFO  RestApi:76 - Status Code==>>>> 200
2019-11-01 17:56:21 INFO  RestApi:32 - *****Started testcase OF List*****
2019-11-01 17:56:22 INFO  RestApi:45 - ####### START TO VERIFYING GET REQUEST1  ######
2019-11-01 17:56:22 INFO  RestApi:53 - *****Verifying GET Request*****
2019-11-01 17:56:25 INFO  RestApi:58 - Status Code==>>>> 200
2019-11-01 17:56:25 INFO  RestApi:70 - ####### START TO VERIFYING GET REQUEST2  ######
2019-11-01 17:56:26 INFO  RestApi:76 - Status Code==>>>> 200
2019-11-01 17:56:26 INFO  RestApi:26 - *****Started testcase OF PUT*****
2019-11-01 17:56:26 INFO  RestApi:36 - ########## START TO VERIFYING POST REQUEST 1  ###########
2019-11-01 17:56:26 INFO  RestApi:38 - *****Verifying POST REQUEST 1*****
2019-11-01 17:56:27 INFO  RestApi:52 - Status Code==>>>> 201
2019-11-01 17:56:27 INFO  RestApi:61 - ########## START TO VERIFYING POST REQUEST 2 ###########
2019-11-01 17:56:27 INFO  RestApi:63 - *****Verifying POST REQUEST 2*****
2019-11-01 17:56:29 INFO  RestApi:77 - Status Code==>>>> 201
2019-11-01 17:56:29 INFO  RestApi:21 - *****Started testcase OF PUT*****
2019-11-01 17:56:29 INFO  RestApi:33 - ####### START THE VERIFYING PUT REQUEST  ######
2019-11-01 17:56:29 INFO  RestApi:35 - *****Verifying PUT REQUEST 1*****
2019-11-01 17:56:31 INFO  RestApi:54 - Status Code==>>>> 200
2019-11-01 17:56:31 INFO  RestApi:67 - ####### START THE VERIFYING PUT REQUEST  ######
2019-11-01 17:56:31 INFO  RestApi:69 - *****Verifying PUT REQUEST 2*****
2019-11-01 17:56:34 INFO  RestApi:88 - Status Code==>>>> 200
2019-11-01 17:56:34 INFO  RestApi:24 - *****Started testcase OF PUT*****
2019-11-01 17:56:34 INFO  RestApi:35 - ####### START THE VERIFYING PATCH REQUEST  ######
2019-11-01 17:56:34 INFO  RestApi:40 - *****Verifying PATCH REQUEST 1*****
2019-11-01 17:56:36 INFO  RestApi:61 - Status Code==>>>> 200
2019-11-01 17:56:36 INFO  RestApi:75 - ####### START THE VERIFYING PATCH REQUEST  ######
2019-11-01 17:56:36 INFO  RestApi:80 - *****Verifying PATCH REQUEST 1*****
2019-11-01 17:56:38 INFO  RestApi:101 - Status Code==>>>> 200
2019-11-01 17:56:38 INFO  RestApi:21 - *****Started testcase OF DELETE*****
2019-11-01 17:56:38 INFO  RestApi:29 - ########## START TO VERIFYING DELETE REQUEST 1  ###########
2019-11-01 17:56:38 INFO  RestApi:31 - *****Verifying DELETE REQUEST 1*****
2019-11-01 17:56:40 INFO  RestApi:51 - Status Code==>>>> 204
2019-11-01 17:56:40 INFO  RestApi:61 - ########## START TO VERIFYING DELETE REQUEST 2  ###########
2019-11-01 17:56:40 INFO  RestApi:63 - *****Verifying DELETE REQUEST 2*****
2019-11-01 17:56:41 INFO  RestApi:83 - Status Code==>>>> 204
2019-11-04 12:51:24 INFO  RestApi:32 - *****Started testcase OF List*****
2019-11-04 12:51:25 INFO  RestApi:45 - ####### START TO VERIFYING GET REQUEST1  ######
2019-11-04 12:51:25 INFO  RestApi:53 - *****Verifying GET Request*****
2019-11-04 12:51:27 INFO  RestApi:58 - Status Code==>>>> 200
2019-11-04 12:51:27 INFO  RestApi:70 - ####### START TO VERIFYING GET REQUEST2  ######
2019-11-04 12:51:28 INFO  RestApi:76 - Status Code==>>>> 200
2019-11-04 12:51:28 INFO  RestApi:26 - *****Started testcase OF PUT*****
2019-11-04 12:51:28 INFO  RestApi:36 - ########## START TO VERIFYING POST REQUEST 1  ###########
2019-11-04 12:51:28 INFO  RestApi:38 - *****Verifying POST REQUEST 1*****
2019-11-04 12:51:29 INFO  RestApi:52 - Status Code==>>>> 201
2019-11-04 12:51:29 INFO  RestApi:61 - ########## START TO VERIFYING POST REQUEST 2 ###########
2019-11-04 12:51:29 INFO  RestApi:63 - *****Verifying POST REQUEST 2*****
2019-11-04 12:51:30 INFO  RestApi:77 - Status Code==>>>> 201
2019-11-04 12:51:30 INFO  RestApi:21 - *****Started testcase OF PUT*****
2019-11-04 12:51:30 INFO  RestApi:33 - ####### START THE VERIFYING PUT REQUEST  ######
2019-11-04 12:51:30 INFO  RestApi:35 - *****Verifying PUT REQUEST 1*****
2019-11-04 12:51:32 INFO  RestApi:54 - Status Code==>>>> 200
2019-11-04 12:51:32 INFO  RestApi:67 - ####### START THE VERIFYING PUT REQUEST  ######
2019-11-04 12:51:32 INFO  RestApi:69 - *****Verifying PUT REQUEST 2*****
2019-11-04 12:51:35 INFO  RestApi:88 - Status Code==>>>> 200
2019-11-04 12:51:35 INFO  RestApi:24 - *****Started testcase OF PUT*****
2019-11-04 12:51:35 INFO  RestApi:35 - ####### START THE VERIFYING PATCH REQUEST  ######
2019-11-04 12:51:35 INFO  RestApi:40 - *****Verifying PATCH REQUEST 1*****
2019-11-04 12:51:37 INFO  RestApi:61 - Status Code==>>>> 200
2019-11-04 12:51:37 INFO  RestApi:75 - ####### START THE VERIFYING PATCH REQUEST  ######
2019-11-04 12:51:37 INFO  RestApi:80 - *****Verifying PATCH REQUEST 1*****
2019-11-04 12:51:39 INFO  RestApi:101 - Status Code==>>>> 200
2019-11-04 12:51:39 INFO  RestApi:21 - *****Started testcase OF DELETE*****
2019-11-04 12:51:39 INFO  RestApi:29 - ########## START TO VERIFYING DELETE REQUEST 1  ###########
2019-11-04 12:51:39 INFO  RestApi:31 - *****Verifying DELETE REQUEST 1*****
2019-11-04 12:51:40 INFO  RestApi:65 - ########## START TO VERIFYING DELETE REQUEST 2  ###########
2019-11-04 12:51:40 INFO  RestApi:67 - *****Verifying DELETE REQUEST 2*****
2019-11-04 12:52:00 INFO  RestApi:21 - *****Started testcase OF DELETE*****
2019-11-04 12:52:00 INFO  RestApi:29 - ########## START TO VERIFYING DELETE REQUEST 1  ###########
2019-11-04 12:52:00 INFO  RestApi:31 - *****Verifying DELETE REQUEST 1*****
2019-11-04 12:52:03 INFO  RestApi:65 - ########## START TO VERIFYING DELETE REQUEST 2  ###########
2019-11-04 12:52:03 INFO  RestApi:67 - *****Verifying DELETE REQUEST 2*****
2019-11-04 12:53:15 INFO  RestApi:21 - *****Started testcase OF DELETE*****
2019-11-04 12:53:15 INFO  RestApi:29 - ########## START TO VERIFYING DELETE REQUEST 1  ###########
2019-11-04 12:53:15 INFO  RestApi:31 - *****Verifying DELETE REQUEST 1*****
2019-11-04 12:53:19 INFO  RestApi:55 - Status Code==>>>> 204
2019-11-04 12:53:19 INFO  RestApi:65 - ########## START TO VERIFYING DELETE REQUEST 2  ###########
2019-11-04 12:53:19 INFO  RestApi:67 - *****Verifying DELETE REQUEST 2*****
2019-11-04 12:54:58 INFO  RestApi:21 - *****Started testcase OF DELETE*****
2019-11-04 12:54:58 INFO  RestApi:29 - ########## START TO VERIFYING DELETE REQUEST 1  ###########
2019-11-04 12:54:58 INFO  RestApi:31 - *****Verifying DELETE REQUEST 1*****
2019-11-04 12:55:02 INFO  RestApi:56 - Status Code==>>>> 204
2019-11-04 12:55:18 INFO  RestApi:21 - *****Started testcase OF DELETE*****
2019-11-04 12:55:18 INFO  RestApi:29 - ########## START TO VERIFYING DELETE REQUEST 1  ###########
2019-11-04 12:55:18 INFO  RestApi:31 - *****Verifying DELETE REQUEST 1*****
2019-11-04 12:55:22 INFO  RestApi:56 - Status Code==>>>> 204
2019-11-04 12:56:01 INFO  RestApi:21 - *****Started testcase OF DELETE*****
2019-11-04 12:56:02 INFO  RestApi:29 - ########## START TO VERIFYING DELETE REQUEST 1  ###########
2019-11-04 12:56:02 INFO  RestApi:31 - *****Verifying DELETE REQUEST 1*****
2019-11-04 12:56:05 INFO  RestApi:55 - Status Code==>>>> 204
2019-11-04 12:56:05 INFO  RestApi:65 - ########## START TO VERIFYING DELETE REQUEST 2  ###########
2019-11-04 12:56:05 INFO  RestApi:67 - *****Verifying DELETE REQUEST 2*****
2019-11-04 12:56:07 INFO  RestApi:90 - Status Code==>>>> 204
2019-11-04 12:56:28 INFO  RestApi:32 - *****Started testcase OF List*****
2019-11-04 12:56:29 INFO  RestApi:45 - ####### START TO VERIFYING GET REQUEST1  ######
2019-11-04 12:56:29 INFO  RestApi:53 - *****Verifying GET Request*****
2019-11-04 12:56:31 INFO  RestApi:58 - Status Code==>>>> 200
2019-11-04 12:56:31 INFO  RestApi:70 - ####### START TO VERIFYING GET REQUEST2  ######
2019-11-04 12:56:32 INFO  RestApi:76 - Status Code==>>>> 200
2019-11-04 12:56:32 INFO  RestApi:26 - *****Started testcase OF PUT*****
2019-11-04 12:56:32 INFO  RestApi:36 - ########## START TO VERIFYING POST REQUEST 1  ###########
2019-11-04 12:56:32 INFO  RestApi:38 - *****Verifying POST REQUEST 1*****
2019-11-04 12:56:33 INFO  RestApi:52 - Status Code==>>>> 201
2019-11-04 12:56:33 INFO  RestApi:61 - ########## START TO VERIFYING POST REQUEST 2 ###########
2019-11-04 12:56:33 INFO  RestApi:63 - *****Verifying POST REQUEST 2*****
2019-11-04 12:56:34 INFO  RestApi:77 - Status Code==>>>> 201
2019-11-04 12:56:34 INFO  RestApi:21 - *****Started testcase OF PUT*****
2019-11-04 12:56:34 INFO  RestApi:33 - ####### START THE VERIFYING PUT REQUEST  ######
2019-11-04 12:56:34 INFO  RestApi:35 - *****Verifying PUT REQUEST 1*****
2019-11-04 12:56:36 INFO  RestApi:54 - Status Code==>>>> 200
2019-11-04 12:56:36 INFO  RestApi:67 - ####### START THE VERIFYING PUT REQUEST  ######
2019-11-04 12:56:36 INFO  RestApi:69 - *****Verifying PUT REQUEST 2*****
2019-11-04 12:56:38 INFO  RestApi:88 - Status Code==>>>> 200
2019-11-04 12:56:38 INFO  RestApi:24 - *****Started testcase OF PUT*****
2019-11-04 12:56:38 INFO  RestApi:35 - ####### START THE VERIFYING PATCH REQUEST  ######
2019-11-04 12:56:38 INFO  RestApi:40 - *****Verifying PATCH REQUEST 1*****
2019-11-04 12:56:41 INFO  RestApi:61 - Status Code==>>>> 200
2019-11-04 12:56:41 INFO  RestApi:75 - ####### START THE VERIFYING PATCH REQUEST  ######
2019-11-04 12:56:41 INFO  RestApi:80 - *****Verifying PATCH REQUEST 1*****
2019-11-04 12:56:43 INFO  RestApi:101 - Status Code==>>>> 200
2019-11-04 12:56:43 INFO  RestApi:21 - *****Started testcase OF DELETE*****
2019-11-04 12:56:43 INFO  RestApi:29 - ########## START TO VERIFYING DELETE REQUEST 1  ###########
2019-11-04 12:56:43 INFO  RestApi:31 - *****Verifying DELETE REQUEST 1*****
2019-11-04 12:56:45 INFO  RestApi:55 - Status Code==>>>> 204
2019-11-04 12:56:45 INFO  RestApi:65 - ########## START TO VERIFYING DELETE REQUEST 2  ###########
2019-11-04 12:56:45 INFO  RestApi:67 - *****Verifying DELETE REQUEST 2*****
2019-11-04 12:56:47 INFO  RestApi:90 - Status Code==>>>> 204
